<?xml version="1.0" encoding="utf-8"?>
<CoverageSession xmlns:xsd="http://www.w3.org/2001/XMLSchema" xmlns:xsi="http://www.w3.org/2001/XMLSchema-instance" Version="4.7.922.0">
  <Summary numSequencePoints="264" visitedSequencePoints="24" numBranchPoints="74" visitedBranchPoints="6" sequenceCoverage="9.09" branchCoverage="8.11" maxCyclomaticComplexity="5" minCyclomaticComplexity="1" maxCrapScore="30" minCrapScore="1" visitedClasses="1" numClasses="14" visitedMethods="3" numMethods="44" />
  <Modules>
    <Module skippedDueTo="Filter" hash="83-FA-75-0A-A9-E2-8A-BB-13-33-45-9D-42-E2-70-A8-84-69-0F-90">
      <ModulePath>C:\Windows\Microsoft.Net\assembly\GAC_64\mscorlib\v4.0_4.0.0.0__b77a5c561934e089\mscorlib.dll</ModulePath>
      <ModuleTime>2019-08-10T21:47:20.7844884Z</ModuleTime>
      <ModuleName>mscorlib</ModuleName>
      <Classes />
    </Module>
    <Module skippedDueTo="Filter" hash="C3-AA-1C-1C-8E-82-1A-33-B0-D2-15-D7-67-2F-0B-23-E3-D3-35-BD">
      <ModulePath>C:\Projects\CrawlerExample\tools\NUnit.ConsoleRunner.3.10.0\tools\nunit3-console.exe</ModulePath>
      <ModuleTime>2019-03-24T16:23:50Z</ModuleTime>
      <ModuleName>nunit3-console</ModuleName>
      <Classes />
    </Module>
    <Module skippedDueTo="Filter" hash="B1-CB-EC-80-E4-0E-88-DF-36-29-D5-8A-77-95-28-88-F0-FE-F0-9B">
      <ModulePath>C:\Windows\Microsoft.Net\assembly\GAC_MSIL\System\v4.0_4.0.0.0__b77a5c561934e089\System.dll</ModulePath>
      <ModuleTime>2019-08-10T21:47:23.5188796Z</ModuleTime>
      <ModuleName>System</ModuleName>
      <Classes />
    </Module>
    <Module skippedDueTo="Filter" hash="56-19-46-EE-B2-F2-BE-59-B4-C3-2F-4A-6E-93-59-8A-52-CC-E1-25">
      <ModulePath>C:\Projects\CrawlerExample\tools\NUnit.ConsoleRunner.3.10.0\tools\nunit.engine.api.dll</ModulePath>
      <ModuleTime>2019-03-24T16:23:50Z</ModuleTime>
      <ModuleName>nunit.engine.api</ModuleName>
      <Classes />
    </Module>
    <Module skippedDueTo="Filter" hash="F3-B1-83-1B-09-4C-8B-4B-4D-F1-AE-22-3B-BF-1C-83-85-41-B0-4C">
      <ModulePath>C:\Projects\CrawlerExample\tools\NUnit.ConsoleRunner.3.10.0\tools\nunit.engine.dll</ModulePath>
      <ModuleTime>2019-03-24T16:23:50Z</ModuleTime>
      <ModuleName>nunit.engine</ModuleName>
      <Classes />
    </Module>
    <Module skippedDueTo="Filter" hash="F3-B1-83-1B-09-4C-8B-4B-4D-F1-AE-22-3B-BF-1C-83-85-41-B0-4C">
      <ModulePath>C:\Projects\CrawlerExample\tools\NUnit.ConsoleRunner.3.10.0\tools\nunit.engine.dll</ModulePath>
      <ModuleTime>2019-03-24T16:23:50Z</ModuleTime>
      <ModuleName>nunit.engine</ModuleName>
      <Classes />
    </Module>
    <Module skippedDueTo="Filter" hash="C9-90-56-C8-34-0E-96-2A-07-09-EA-81-19-89-AB-9B-B6-6C-C4-D4">
      <ModulePath>C:\Windows\Microsoft.Net\assembly\GAC_MSIL\System.Xml\v4.0_4.0.0.0__b77a5c561934e089\System.Xml.dll</ModulePath>
      <ModuleTime>2019-08-10T21:47:23.5188796Z</ModuleTime>
      <ModuleName>System.Xml</ModuleName>
      <Classes />
    </Module>
    <Module skippedDueTo="Filter" hash="EE-88-39-61-68-77-57-72-82-B0-46-D1-FF-33-40-4E-38-C7-5B-5F">
      <ModulePath>C:\Windows\Microsoft.Net\assembly\GAC_64\System.Web\v4.0_4.0.0.0__b03f5f7f11d50a3a\System.Web.dll</ModulePath>
      <ModuleTime>2019-08-10T21:47:20.4094982Z</ModuleTime>
      <ModuleName>System.Web</ModuleName>
      <Classes />
    </Module>
    <Module skippedDueTo="Filter" hash="99-11-EB-F5-78-AC-B1-38-60-82-1D-90-D3-48-FC-57-C0-00-EA-04">
      <ModulePath>C:\Windows\Microsoft.Net\assembly\GAC_MSIL\System.Runtime.Remoting\v4.0_4.0.0.0__b77a5c561934e089\System.Runtime.Remoting.dll</ModulePath>
      <ModuleTime>2019-08-10T21:47:23.6438573Z</ModuleTime>
      <ModuleName>System.Runtime.Remoting</ModuleName>
      <Classes />
    </Module>
    <Module skippedDueTo="Filter" hash="9D-4A-D9-EF-6E-3C-A9-69-99-30-1A-B3-AA-5A-7C-F2-17-66-83-59">
      <ModulePath>C:\Windows\Microsoft.Net\assembly\GAC_MSIL\System.Configuration\v4.0_4.0.0.0__b03f5f7f11d50a3a\System.Configuration.dll</ModulePath>
      <ModuleTime>2019-08-10T21:47:23.7376061Z</ModuleTime>
      <ModuleName>System.Configuration</ModuleName>
      <Classes />
    </Module>
    <Module skippedDueTo="Filter" hash="8A-2E-8F-D6-9D-39-02-4A-2F-30-FC-06-42-F7-0F-A8-32-69-07-72">
      <ModulePath>C:\Projects\CrawlerExample\tools\NUnit.ConsoleRunner.3.10.0\tools\Mono.Cecil.dll</ModulePath>
      <ModuleTime>2019-03-24T16:23:50Z</ModuleTime>
      <ModuleName>Mono.Cecil</ModuleName>
      <Classes />
    </Module>
    <Module skippedDueTo="Filter" hash="83-FA-75-0A-A9-E2-8A-BB-13-33-45-9D-42-E2-70-A8-84-69-0F-90">
      <ModulePath>C:\Windows\Microsoft.Net\assembly\GAC_64\mscorlib\v4.0_4.0.0.0__b77a5c561934e089\mscorlib.dll</ModulePath>
      <ModuleTime>2019-08-10T21:47:20.7844884Z</ModuleTime>
      <ModuleName>mscorlib</ModuleName>
      <Classes />
    </Module>
    <Module skippedDueTo="Filter" hash="DD-03-C0-F6-30-61-DA-66-3E-7C-57-4F-A1-08-5C-81-F5-6E-EF-AA">
      <ModulePath>C:\Projects\CrawlerExample\tools\NUnit.ConsoleRunner.3.10.0\tools\nunit-agent.exe</ModulePath>
      <ModuleTime>2019-03-24T16:23:50Z</ModuleTime>
      <ModuleName>nunit-agent</ModuleName>
      <Classes />
    </Module>
    <Module skippedDueTo="Filter" hash="56-19-46-EE-B2-F2-BE-59-B4-C3-2F-4A-6E-93-59-8A-52-CC-E1-25">
      <ModulePath>C:\Projects\CrawlerExample\tools\NUnit.ConsoleRunner.3.10.0\tools\nunit.engine.api.dll</ModulePath>
      <ModuleTime>2019-03-24T16:23:50Z</ModuleTime>
      <ModuleName>nunit.engine.api</ModuleName>
      <Classes />
    </Module>
    <Module skippedDueTo="Filter" hash="F3-B1-83-1B-09-4C-8B-4B-4D-F1-AE-22-3B-BF-1C-83-85-41-B0-4C">
      <ModulePath>C:\Projects\CrawlerExample\tools\NUnit.ConsoleRunner.3.10.0\tools\nunit.engine.dll</ModulePath>
      <ModuleTime>2019-03-24T16:23:50Z</ModuleTime>
      <ModuleName>nunit.engine</ModuleName>
      <Classes />
    </Module>
    <Module skippedDueTo="Filter" hash="B1-CB-EC-80-E4-0E-88-DF-36-29-D5-8A-77-95-28-88-F0-FE-F0-9B">
      <ModulePath>C:\Windows\Microsoft.Net\assembly\GAC_MSIL\System\v4.0_4.0.0.0__b77a5c561934e089\System.dll</ModulePath>
      <ModuleTime>2019-08-10T21:47:23.5188796Z</ModuleTime>
      <ModuleName>System</ModuleName>
      <Classes />
    </Module>
    <Module skippedDueTo="Filter" hash="C9-90-56-C8-34-0E-96-2A-07-09-EA-81-19-89-AB-9B-B6-6C-C4-D4">
      <ModulePath>C:\Windows\Microsoft.Net\assembly\GAC_MSIL\System.Xml\v4.0_4.0.0.0__b77a5c561934e089\System.Xml.dll</ModulePath>
      <ModuleTime>2019-08-10T21:47:23.5188796Z</ModuleTime>
      <ModuleName>System.Xml</ModuleName>
      <Classes />
    </Module>
    <Module skippedDueTo="Filter" hash="EE-88-39-61-68-77-57-72-82-B0-46-D1-FF-33-40-4E-38-C7-5B-5F">
      <ModulePath>C:\Windows\Microsoft.Net\assembly\GAC_64\System.Web\v4.0_4.0.0.0__b03f5f7f11d50a3a\System.Web.dll</ModulePath>
      <ModuleTime>2019-08-10T21:47:20.4094982Z</ModuleTime>
      <ModuleName>System.Web</ModuleName>
      <Classes />
    </Module>
    <Module skippedDueTo="Filter" hash="99-11-EB-F5-78-AC-B1-38-60-82-1D-90-D3-48-FC-57-C0-00-EA-04">
      <ModulePath>C:\Windows\Microsoft.Net\assembly\GAC_MSIL\System.Runtime.Remoting\v4.0_4.0.0.0__b77a5c561934e089\System.Runtime.Remoting.dll</ModulePath>
      <ModuleTime>2019-08-10T21:47:23.6438573Z</ModuleTime>
      <ModuleName>System.Runtime.Remoting</ModuleName>
      <Classes />
    </Module>
    <Module skippedDueTo="Filter" hash="9D-4A-D9-EF-6E-3C-A9-69-99-30-1A-B3-AA-5A-7C-F2-17-66-83-59">
      <ModulePath>C:\Windows\Microsoft.Net\assembly\GAC_MSIL\System.Configuration\v4.0_4.0.0.0__b03f5f7f11d50a3a\System.Configuration.dll</ModulePath>
      <ModuleTime>2019-08-10T21:47:23.7376061Z</ModuleTime>
      <ModuleName>System.Configuration</ModuleName>
      <Classes />
    </Module>
    <Module skippedDueTo="Filter" hash="8A-2E-8F-D6-9D-39-02-4A-2F-30-FC-06-42-F7-0F-A8-32-69-07-72">
      <ModulePath>C:\Projects\CrawlerExample\tools\NUnit.ConsoleRunner.3.10.0\tools\Mono.Cecil.dll</ModulePath>
      <ModuleTime>2019-03-24T16:23:50Z</ModuleTime>
      <ModuleName>Mono.Cecil</ModuleName>
      <Classes />
    </Module>
    <Module skippedDueTo="Filter" hash="9B-2E-1C-9C-2D-F2-EF-54-0A-49-10-2E-FB-9D-3F-3C-92-2A-D1-72">
      <ModulePath>C:\Projects\CrawlerExample\Bin\nunit.framework.dll</ModulePath>
      <ModuleTime>2019-05-14T22:37:20Z</ModuleTime>
      <ModuleName>nunit.framework</ModuleName>
      <Classes />
    </Module>
    <Module skippedDueTo="Filter" hash="B1-CB-EC-80-E4-0E-88-DF-36-29-D5-8A-77-95-28-88-F0-FE-F0-9B">
      <ModulePath>C:\Windows\Microsoft.Net\assembly\GAC_MSIL\System\v4.0_4.0.0.0__b77a5c561934e089\System.dll</ModulePath>
      <ModuleTime>2019-08-10T21:47:23.5188796Z</ModuleTime>
      <ModuleName>System</ModuleName>
      <Classes />
    </Module>
    <Module skippedDueTo="Filter" hash="5C-BA-15-81-FF-83-84-F0-50-8F-23-E9-0C-3A-BF-AF-46-07-BE-CF">
      <ModulePath>C:\Windows\Microsoft.Net\assembly\GAC_MSIL\System.Core\v4.0_4.0.0.0__b77a5c561934e089\System.Core.dll</ModulePath>
      <ModuleTime>2019-08-10T21:47:23.7376061Z</ModuleTime>
      <ModuleName>System.Core</ModuleName>
      <Classes />
    </Module>
    <Module skippedDueTo="Filter" hash="EE-88-39-61-68-77-57-72-82-B0-46-D1-FF-33-40-4E-38-C7-5B-5F">
      <ModulePath>C:\Windows\Microsoft.Net\assembly\GAC_64\System.Web\v4.0_4.0.0.0__b03f5f7f11d50a3a\System.Web.dll</ModulePath>
      <ModuleTime>2019-08-10T21:47:20.4094982Z</ModuleTime>
      <ModuleName>System.Web</ModuleName>
      <Classes />
    </Module>
    <Module skippedDueTo="Filter" hash="5A-6B-0D-4B-AA-E4-F5-AD-D4-CD-FA-D3-24-3D-17-05-77-C7-20-D0">
      <ModulePath>C:\Projects\CrawlerExample\Bin\Crawler.Tests.dll</ModulePath>
      <ModuleTime>2019-08-10T21:30:54.7735365Z</ModuleTime>
      <ModuleName>Crawler.Tests</ModuleName>
      <Classes />
    </Module>
    <Module hash="82-F8-D3-FC-48-4C-52-A5-59-12-C8-AC-0F-00-9D-1C-17-EB-28-91">
      <Summary numSequencePoints="264" visitedSequencePoints="24" numBranchPoints="74" visitedBranchPoints="6" sequenceCoverage="9.09" branchCoverage="8.11" maxCyclomaticComplexity="5" minCyclomaticComplexity="1" maxCrapScore="30" minCrapScore="1" visitedClasses="1" numClasses="14" visitedMethods="3" numMethods="44" />
      <ModulePath>C:\Projects\CrawlerExample\Bin\Crawler.Logics.dll</ModulePath>
      <ModuleTime>2019-08-10T21:30:53.8535928Z</ModuleTime>
      <ModuleName>Crawler.Logics</ModuleName>
      <Files>
        <File uid="1" fullPath="C:\Projects\CrawlerExample\Crawler.Logics\CrawlerLogics.cs" />
        <File uid="2" fullPath="C:\Projects\CrawlerExample\Crawler.Logics\WebDriverFactory.cs" />
        <File uid="3" fullPath="C:\Projects\CrawlerExample\Crawler.Logics\SitePageObjects\SimpleDownloadPageObject.cs" />
        <File uid="4" fullPath="C:\Projects\CrawlerExample\Crawler.Logics\SitePageObjects\DownloadablePageObject.cs" />
        <File uid="6" fullPath="C:\Projects\CrawlerExample\Crawler.Logics\SitePageObjects\MainPageObject.cs" />
        <File uid="8" fullPath="C:\Projects\CrawlerExample\Crawler.Logics\Exceptions\CrawlerAuthenticationException.cs" />
        <File uid="9" fullPath="C:\Projects\CrawlerExample\Crawler.Logics\Authentication\AuthLinkStore.cs" />
        <File uid="10" fullPath="C:\Projects\CrawlerExample\Crawler.Logics\Authentication\IPDAuthenticationService.cs" />
        <File uid="11" fullPath="C:\Projects\CrawlerExample\Crawler.Logics\Authentication\MailService.cs" />
        <File uid="14" fullPath="C:\Projects\CrawlerExample\Crawler.Logics\Authentication\MailServiceFactory.cs" />
      </Files>
      <Classes>
        <Class>
          <Summary numSequencePoints="0" visitedSequencePoints="0" numBranchPoints="0" visitedBranchPoints="0" sequenceCoverage="0" branchCoverage="0" maxCyclomaticComplexity="0" minCyclomaticComplexity="0" maxCrapScore="0" minCrapScore="0" visitedClasses="0" numClasses="0" visitedMethods="0" numMethods="0" />
          <FullName>&lt;Module&gt;</FullName>
          <Methods />
        </Class>
        <Class>
          <Summary numSequencePoints="62" visitedSequencePoints="0" numBranchPoints="9" visitedBranchPoints="0" sequenceCoverage="0" branchCoverage="0" maxCyclomaticComplexity="3" minCyclomaticComplexity="1" maxCrapScore="12" minCrapScore="2" visitedClasses="0" numClasses="1" visitedMethods="0" numMethods="5" />
          <FullName>Crawler.Logics.CrawlerLogics</FullName>
          <Methods>
            <Method visited="false" cyclomaticComplexity="2" nPathComplexity="0" sequenceCoverage="0" branchCoverage="0" crapScore="6" isConstructor="false" isStatic="false" isGetter="false" isSetter="false">
              <Summary numSequencePoints="34" visitedSequencePoints="0" numBranchPoints="1" visitedBranchPoints="0" sequenceCoverage="0" branchCoverage="0" maxCyclomaticComplexity="2" minCyclomaticComplexity="2" maxCrapScore="6" minCrapScore="6" visitedClasses="0" numClasses="0" visitedMethods="0" numMethods="1" />
              <MetadataToken>100663297</MetadataToken>
              <Name>System.Void Crawler.Logics.CrawlerLogics::DownloadAllReports()</Name>
              <FileRef uid="1" />
              <SequencePoints>
                <SequencePoint vc="0" uspid="1" ordinal="0" offset="0" sl="14" sc="9" el="14" ec="10" bec="0" bev="0" fileid="1" />
                <SequencePoint vc="0" uspid="2" ordinal="1" offset="1" sl="15" sc="20" el="15" ec="65" bec="0" bev="0" fileid="1" />
                <SequencePoint vc="0" uspid="3" ordinal="2" offset="7" sl="16" sc="13" el="16" ec="14" bec="0" bev="0" fileid="1" />
                <SequencePoint vc="0" uspid="4" ordinal="3" offset="8" sl="17" sc="17" el="17" ec="66" bec="0" bev="0" fileid="1" />
                <SequencePoint vc="0" uspid="5" ordinal="4" offset="14" sl="19" sc="17" el="19" ec="59" bec="0" bev="0" fileid="1" />
                <SequencePoint vc="0" uspid="6" ordinal="5" offset="27" sl="21" sc="17" el="21" ec="84" bec="0" bev="0" fileid="1" />
                <SequencePoint vc="0" uspid="7" ordinal="6" offset="58" sl="22" sc="17" el="22" ec="63" bec="0" bev="0" fileid="1" />
                <SequencePoint vc="0" uspid="8" ordinal="7" offset="75" sl="23" sc="17" el="23" ec="84" bec="0" bev="0" fileid="1" />
                <SequencePoint vc="0" uspid="9" ordinal="8" offset="106" sl="25" sc="17" el="25" ec="62" bec="0" bev="0" fileid="1" />
                <SequencePoint vc="0" uspid="10" ordinal="9" offset="113" sl="27" sc="17" el="27" ec="80" bec="0" bev="0" fileid="1" />
                <SequencePoint vc="0" uspid="11" ordinal="10" offset="122" sl="29" sc="17" el="29" ec="47" bec="0" bev="0" fileid="1" />
                <SequencePoint vc="0" uspid="12" ordinal="11" offset="129" sl="30" sc="17" el="30" ec="55" bec="0" bev="0" fileid="1" />
                <SequencePoint vc="0" uspid="13" ordinal="12" offset="136" sl="31" sc="17" el="31" ec="40" bec="0" bev="0" fileid="1" />
                <SequencePoint vc="0" uspid="14" ordinal="13" offset="143" sl="33" sc="17" el="33" ec="54" bec="0" bev="0" fileid="1" />
                <SequencePoint vc="0" uspid="15" ordinal="14" offset="151" sl="34" sc="17" el="34" ec="55" bec="0" bev="0" fileid="1" />
                <SequencePoint vc="0" uspid="16" ordinal="15" offset="158" sl="35" sc="17" el="35" ec="40" bec="0" bev="0" fileid="1" />
                <SequencePoint vc="0" uspid="17" ordinal="16" offset="165" sl="37" sc="17" el="37" ec="54" bec="0" bev="0" fileid="1" />
                <SequencePoint vc="0" uspid="18" ordinal="17" offset="173" sl="38" sc="17" el="38" ec="55" bec="0" bev="0" fileid="1" />
                <SequencePoint vc="0" uspid="19" ordinal="18" offset="180" sl="39" sc="17" el="39" ec="40" bec="0" bev="0" fileid="1" />
                <SequencePoint vc="0" uspid="20" ordinal="19" offset="187" sl="41" sc="17" el="41" ec="54" bec="0" bev="0" fileid="1" />
                <SequencePoint vc="0" uspid="21" ordinal="20" offset="195" sl="42" sc="17" el="42" ec="55" bec="0" bev="0" fileid="1" />
                <SequencePoint vc="0" uspid="22" ordinal="21" offset="202" sl="43" sc="17" el="43" ec="40" bec="0" bev="0" fileid="1" />
                <SequencePoint vc="0" uspid="23" ordinal="22" offset="209" sl="45" sc="17" el="45" ec="54" bec="0" bev="0" fileid="1" />
                <SequencePoint vc="0" uspid="24" ordinal="23" offset="217" sl="46" sc="17" el="46" ec="55" bec="0" bev="0" fileid="1" />
                <SequencePoint vc="0" uspid="25" ordinal="24" offset="224" sl="47" sc="17" el="47" ec="46" bec="0" bev="0" fileid="1" />
                <SequencePoint vc="0" uspid="26" ordinal="25" offset="231" sl="49" sc="17" el="49" ec="54" bec="0" bev="0" fileid="1" />
                <SequencePoint vc="0" uspid="27" ordinal="26" offset="239" sl="50" sc="17" el="50" ec="59" bec="0" bev="0" fileid="1" />
                <SequencePoint vc="0" uspid="28" ordinal="27" offset="246" sl="51" sc="17" el="51" ec="46" bec="0" bev="0" fileid="1" />
                <SequencePoint vc="0" uspid="29" ordinal="28" offset="253" sl="53" sc="17" el="53" ec="54" bec="0" bev="0" fileid="1" />
                <SequencePoint vc="0" uspid="30" ordinal="29" offset="261" sl="54" sc="17" el="54" ec="59" bec="0" bev="0" fileid="1" />
                <SequencePoint vc="0" uspid="31" ordinal="30" offset="268" sl="55" sc="17" el="55" ec="46" bec="0" bev="0" fileid="1" />
                <SequencePoint vc="0" uspid="32" ordinal="31" offset="275" sl="58" sc="17" el="58" ec="37" bec="0" bev="0" fileid="1" />
                <SequencePoint vc="0" uspid="33" ordinal="32" offset="286" sl="59" sc="13" el="59" ec="14" bec="0" bev="0" fileid="1" />
                <SequencePoint vc="0" uspid="34" ordinal="33" offset="300" sl="60" sc="9" el="60" ec="10" bec="0" bev="0" fileid="1" />
              </SequencePoints>
              <BranchPoints />
              <MethodPoint xsi:type="SequencePoint" vc="0" uspid="1" ordinal="0" offset="0" sl="14" sc="9" el="14" ec="10" bec="0" bev="0" fileid="1" />
            </Method>
            <Method visited="false" cyclomaticComplexity="1" nPathComplexity="0" sequenceCoverage="0" branchCoverage="0" crapScore="2" isConstructor="false" isStatic="true" isGetter="false" isSetter="false">
              <Summary numSequencePoints="5" visitedSequencePoints="0" numBranchPoints="1" visitedBranchPoints="0" sequenceCoverage="0" branchCoverage="0" maxCyclomaticComplexity="1" minCyclomaticComplexity="1" maxCrapScore="2" minCrapScore="2" visitedClasses="0" numClasses="0" visitedMethods="0" numMethods="1" />
              <MetadataToken>100663298</MetadataToken>
              <Name>System.Void Crawler.Logics.CrawlerLogics::DownloadSimpleReport(OpenQA.Selenium.IWebDriver)</Name>
              <FileRef uid="1" />
              <SequencePoints>
                <SequencePoint vc="0" uspid="35" ordinal="0" offset="0" sl="63" sc="9" el="63" ec="10" bec="0" bev="0" fileid="1" />
                <SequencePoint vc="0" uspid="36" ordinal="1" offset="1" sl="64" sc="13" el="64" ec="78" bec="0" bev="0" fileid="1" />
                <SequencePoint vc="0" uspid="37" ordinal="2" offset="8" sl="65" sc="13" el="65" ec="57" bec="0" bev="0" fileid="1" />
                <SequencePoint vc="0" uspid="38" ordinal="3" offset="15" sl="66" sc="13" el="66" ec="32" bec="0" bev="0" fileid="1" />
                <SequencePoint vc="0" uspid="39" ordinal="4" offset="26" sl="67" sc="9" el="67" ec="10" bec="0" bev="0" fileid="1" />
              </SequencePoints>
              <BranchPoints />
              <MethodPoint xsi:type="SequencePoint" vc="0" uspid="35" ordinal="0" offset="0" sl="63" sc="9" el="63" ec="10" bec="0" bev="0" fileid="1" />
            </Method>
            <Method visited="false" cyclomaticComplexity="1" nPathComplexity="0" sequenceCoverage="0" branchCoverage="0" crapScore="2" isConstructor="false" isStatic="true" isGetter="false" isSetter="false">
              <Summary numSequencePoints="4" visitedSequencePoints="0" numBranchPoints="1" visitedBranchPoints="0" sequenceCoverage="0" branchCoverage="0" maxCyclomaticComplexity="1" minCyclomaticComplexity="1" maxCrapScore="2" minCrapScore="2" visitedClasses="0" numClasses="0" visitedMethods="0" numMethods="1" />
              <MetadataToken>100663299</MetadataToken>
              <Name>System.Void Crawler.Logics.CrawlerLogics::NavigateToMainPage(OpenQA.Selenium.IWebDriver,Crawler.Logics.SitePageObjects.MainPageObject)</Name>
              <FileRef uid="1" />
              <SequencePoints>
                <SequencePoint vc="0" uspid="40" ordinal="0" offset="0" sl="70" sc="9" el="70" ec="10" bec="0" bev="0" fileid="1" />
                <SequencePoint vc="0" uspid="41" ordinal="1" offset="1" sl="71" sc="13" el="71" ec="37" bec="0" bev="0" fileid="1" />
                <SequencePoint vc="0" uspid="42" ordinal="2" offset="8" sl="72" sc="13" el="72" ec="43" bec="0" bev="0" fileid="1" />
                <SequencePoint vc="0" uspid="43" ordinal="3" offset="15" sl="73" sc="9" el="73" ec="10" bec="0" bev="0" fileid="1" />
              </SequencePoints>
              <BranchPoints />
              <MethodPoint xsi:type="SequencePoint" vc="0" uspid="40" ordinal="0" offset="0" sl="70" sc="9" el="70" ec="10" bec="0" bev="0" fileid="1" />
            </Method>
            <Method visited="false" cyclomaticComplexity="1" nPathComplexity="0" sequenceCoverage="0" branchCoverage="0" crapScore="2" isConstructor="false" isStatic="true" isGetter="false" isSetter="false">
              <Summary numSequencePoints="8" visitedSequencePoints="0" numBranchPoints="1" visitedBranchPoints="0" sequenceCoverage="0" branchCoverage="0" maxCyclomaticComplexity="1" minCyclomaticComplexity="1" maxCrapScore="2" minCrapScore="2" visitedClasses="0" numClasses="0" visitedMethods="0" numMethods="1" />
              <MetadataToken>100663300</MetadataToken>
              <Name>System.Void Crawler.Logics.CrawlerLogics::DownloadReport(OpenQA.Selenium.IWebDriver)</Name>
              <FileRef uid="1" />
              <SequencePoints>
                <SequencePoint vc="0" uspid="44" ordinal="0" offset="0" sl="76" sc="9" el="76" ec="10" bec="0" bev="0" fileid="1" />
                <SequencePoint vc="0" uspid="45" ordinal="1" offset="1" sl="77" sc="13" el="77" ec="70" bec="0" bev="0" fileid="1" />
                <SequencePoint vc="0" uspid="46" ordinal="2" offset="8" sl="79" sc="13" el="79" ec="46" bec="0" bev="0" fileid="1" />
                <SequencePoint vc="0" uspid="47" ordinal="3" offset="15" sl="80" sc="13" el="80" ec="58" bec="0" bev="0" fileid="1" />
                <SequencePoint vc="0" uspid="48" ordinal="4" offset="22" sl="81" sc="13" el="81" ec="57" bec="0" bev="0" fileid="1" />
                <SequencePoint vc="0" uspid="49" ordinal="5" offset="29" sl="82" sc="13" el="82" ec="68" bec="0" bev="0" fileid="1" />
                <SequencePoint vc="0" uspid="50" ordinal="6" offset="36" sl="83" sc="13" el="83" ec="32" bec="0" bev="0" fileid="1" />
                <SequencePoint vc="0" uspid="51" ordinal="7" offset="47" sl="84" sc="9" el="84" ec="10" bec="0" bev="0" fileid="1" />
              </SequencePoints>
              <BranchPoints />
              <MethodPoint xsi:type="SequencePoint" vc="0" uspid="44" ordinal="0" offset="0" sl="76" sc="9" el="76" ec="10" bec="0" bev="0" fileid="1" />
            </Method>
            <Method visited="false" cyclomaticComplexity="3" nPathComplexity="4" sequenceCoverage="0" branchCoverage="0" crapScore="12" isConstructor="false" isStatic="true" isGetter="false" isSetter="false">
              <Summary numSequencePoints="11" visitedSequencePoints="0" numBranchPoints="5" visitedBranchPoints="0" sequenceCoverage="0" branchCoverage="0" maxCyclomaticComplexity="3" minCyclomaticComplexity="3" maxCrapScore="12" minCrapScore="12" visitedClasses="0" numClasses="0" visitedMethods="0" numMethods="1" />
              <MetadataToken>100663301</MetadataToken>
              <Name>System.Void Crawler.Logics.CrawlerLogics::PerformAuthentificationIfNeeded(OpenQA.Selenium.IWebDriver,Crawler.Logics.Authentication.AuthenticationService,Crawler.Logics.SitePageObjects.MainPageObject)</Name>
              <FileRef uid="1" />
              <SequencePoints>
                <SequencePoint vc="0" uspid="52" ordinal="0" offset="0" sl="87" sc="9" el="87" ec="10" bec="0" bev="0" fileid="1" />
                <SequencePoint vc="0" uspid="53" ordinal="1" offset="1" sl="88" sc="13" el="88" ec="43" bec="2" bev="0" fileid="1" />
                <SequencePoint vc="0" uspid="54" ordinal="2" offset="14" sl="89" sc="13" el="89" ec="14" bec="0" bev="0" fileid="1" />
                <SequencePoint vc="0" uspid="55" ordinal="3" offset="15" sl="90" sc="17" el="90" ec="57" bec="0" bev="0" fileid="1" />
                <SequencePoint vc="0" uspid="56" ordinal="4" offset="22" sl="91" sc="17" el="91" ec="36" bec="0" bev="0" fileid="1" />
                <SequencePoint vc="0" uspid="57" ordinal="5" offset="33" sl="93" sc="17" el="93" ec="59" bec="0" bev="0" fileid="1" />
                <SequencePoint vc="0" uspid="58" ordinal="6" offset="46" sl="95" sc="17" el="95" ec="47" bec="2" bev="0" fileid="1" />
                <SequencePoint vc="0" uspid="59" ordinal="7" offset="59" sl="96" sc="17" el="96" ec="18" bec="0" bev="0" fileid="1" />
                <SequencePoint vc="0" uspid="60" ordinal="8" offset="60" sl="97" sc="21" el="97" ec="108" bec="0" bev="0" fileid="1" />
                <SequencePoint vc="0" uspid="61" ordinal="9" offset="71" sl="99" sc="13" el="99" ec="14" bec="0" bev="0" fileid="1" />
                <SequencePoint vc="0" uspid="62" ordinal="10" offset="72" sl="100" sc="9" el="100" ec="10" bec="0" bev="0" fileid="1" />
              </SequencePoints>
              <BranchPoints>
                <BranchPoint vc="0" uspid="63" ordinal="0" offset="12" sl="88" path="0" offsetend="14" fileid="1" />
                <BranchPoint vc="0" uspid="64" ordinal="1" offset="12" sl="88" path="1" offsetend="72" fileid="1" />
                <BranchPoint vc="0" uspid="65" ordinal="2" offset="57" sl="95" path="0" offsetend="59" fileid="1" />
                <BranchPoint vc="0" uspid="66" ordinal="3" offset="57" sl="95" path="1" offsetend="71" fileid="1" />
              </BranchPoints>
              <MethodPoint xsi:type="SequencePoint" vc="0" uspid="52" ordinal="0" offset="0" sl="87" sc="9" el="87" ec="10" bec="0" bev="0" fileid="1" />
            </Method>
            <Method visited="false" cyclomaticComplexity="1" nPathComplexity="0" sequenceCoverage="0" branchCoverage="0" crapScore="2" isConstructor="true" isStatic="false" isGetter="false" isSetter="false">
              <Summary numSequencePoints="0" visitedSequencePoints="0" numBranchPoints="0" visitedBranchPoints="0" sequenceCoverage="0" branchCoverage="0" maxCyclomaticComplexity="1" minCyclomaticComplexity="1" maxCrapScore="2" minCrapScore="2" visitedClasses="0" numClasses="0" visitedMethods="0" numMethods="0" />
              <MetadataToken>100663302</MetadataToken>
              <Name>System.Void Crawler.Logics.CrawlerLogics::.ctor()</Name>
              <SequencePoints />
              <BranchPoints />
              <MethodPoint vc="0" uspid="67" ordinal="0" offset="0" />
            </Method>
          </Methods>
        </Class>
        <Class>
          <Summary numSequencePoints="15" visitedSequencePoints="0" numBranchPoints="3" visitedBranchPoints="0" sequenceCoverage="0" branchCoverage="0" maxCyclomaticComplexity="2" minCyclomaticComplexity="2" maxCrapScore="6" minCrapScore="6" visitedClasses="0" numClasses="1" visitedMethods="0" numMethods="1" />
          <FullName>Crawler.Logics.WebDriverFactory</FullName>
          <Methods>
            <Method visited="false" cyclomaticComplexity="2" nPathComplexity="2" sequenceCoverage="0" branchCoverage="0" crapScore="6" isConstructor="false" isStatic="true" isGetter="false" isSetter="false">
              <Summary numSequencePoints="15" visitedSequencePoints="0" numBranchPoints="3" visitedBranchPoints="0" sequenceCoverage="0" branchCoverage="0" maxCyclomaticComplexity="2" minCyclomaticComplexity="2" maxCrapScore="6" minCrapScore="6" visitedClasses="0" numClasses="0" visitedMethods="0" numMethods="1" />
              <MetadataToken>100663303</MetadataToken>
              <Name>OpenQA.Selenium.IWebDriver Crawler.Logics.WebDriverFactory::Create()</Name>
              <FileRef uid="2" />
              <SequencePoints>
                <SequencePoint vc="0" uspid="68" ordinal="0" offset="0" sl="12" sc="9" el="12" ec="10" bec="0" bev="0" fileid="2" />
                <SequencePoint vc="0" uspid="69" ordinal="1" offset="1" sl="13" sc="13" el="13" ec="70" bec="0" bev="0" fileid="2" />
                <SequencePoint vc="0" uspid="70" ordinal="2" offset="7" sl="14" sc="13" el="14" ec="53" bec="0" bev="0" fileid="2" />
                <SequencePoint vc="0" uspid="71" ordinal="3" offset="13" sl="15" sc="13" el="15" ec="72" bec="2" bev="0" fileid="2" />
                <SequencePoint vc="0" uspid="72" ordinal="4" offset="44" sl="16" sc="13" el="16" ec="14" bec="0" bev="0" fileid="2" />
                <SequencePoint vc="0" uspid="73" ordinal="5" offset="45" sl="17" sc="17" el="17" ec="51" bec="0" bev="0" fileid="2" />
                <SequencePoint vc="0" uspid="74" ordinal="6" offset="57" sl="18" sc="17" el="18" ec="91" bec="0" bev="0" fileid="2" />
                <SequencePoint vc="0" uspid="75" ordinal="7" offset="84" sl="19" sc="17" el="19" ec="90" bec="0" bev="0" fileid="2" />
                <SequencePoint vc="0" uspid="76" ordinal="8" offset="111" sl="20" sc="17" el="20" ec="61" bec="0" bev="0" fileid="2" />
                <SequencePoint vc="0" uspid="77" ordinal="9" offset="124" sl="21" sc="13" el="21" ec="14" bec="0" bev="0" fileid="2" />
                <SequencePoint vc="0" uspid="78" ordinal="10" offset="125" sl="23" sc="13" el="23" ec="101" bec="0" bev="0" fileid="2" />
                <SequencePoint vc="0" uspid="79" ordinal="11" offset="146" sl="24" sc="13" el="24" ec="101" bec="0" bev="0" fileid="2" />
                <SequencePoint vc="0" uspid="80" ordinal="12" offset="159" sl="26" sc="13" el="26" ec="93" bec="0" bev="0" fileid="2" />
                <SequencePoint vc="0" uspid="81" ordinal="13" offset="181" sl="28" sc="13" el="28" ec="27" bec="0" bev="0" fileid="2" />
                <SequencePoint vc="0" uspid="82" ordinal="14" offset="186" sl="29" sc="9" el="29" ec="10" bec="0" bev="0" fileid="2" />
              </SequencePoints>
              <BranchPoints>
                <BranchPoint vc="0" uspid="83" ordinal="0" offset="42" sl="15" path="0" offsetend="44" fileid="2" />
                <BranchPoint vc="0" uspid="84" ordinal="1" offset="42" sl="15" path="1" offsetend="125" fileid="2" />
              </BranchPoints>
              <MethodPoint xsi:type="SequencePoint" vc="0" uspid="68" ordinal="0" offset="0" sl="12" sc="9" el="12" ec="10" bec="0" bev="0" fileid="2" />
            </Method>
          </Methods>
        </Class>
        <Class>
          <Summary numSequencePoints="10" visitedSequencePoints="0" numBranchPoints="3" visitedBranchPoints="0" sequenceCoverage="0" branchCoverage="0" maxCyclomaticComplexity="1" minCyclomaticComplexity="1" maxCrapScore="2" minCrapScore="2" visitedClasses="0" numClasses="1" visitedMethods="0" numMethods="3" />
          <FullName>Crawler.Logics.SitePageObjects.SimpleDownloadPageObject</FullName>
          <Methods>
            <Method visited="false" cyclomaticComplexity="1" nPathComplexity="0" sequenceCoverage="0" branchCoverage="0" crapScore="2" isConstructor="true" isStatic="false" isGetter="false" isSetter="false">
              <Summary numSequencePoints="3" visitedSequencePoints="0" numBranchPoints="1" visitedBranchPoints="0" sequenceCoverage="0" branchCoverage="0" maxCyclomaticComplexity="1" minCyclomaticComplexity="1" maxCrapScore="2" minCrapScore="2" visitedClasses="0" numClasses="0" visitedMethods="0" numMethods="1" />
              <MetadataToken>100663304</MetadataToken>
              <Name>System.Void Crawler.Logics.SitePageObjects.SimpleDownloadPageObject::.ctor(OpenQA.Selenium.IWebDriver)</Name>
              <FileRef uid="3" />
              <SequencePoints>
                <SequencePoint vc="0" uspid="85" ordinal="0" offset="0" sl="9" sc="9" el="9" ec="59" bec="0" bev="0" fileid="3" />
                <SequencePoint vc="0" uspid="86" ordinal="1" offset="7" sl="10" sc="9" el="10" ec="10" bec="0" bev="0" fileid="3" />
                <SequencePoint vc="0" uspid="87" ordinal="2" offset="8" sl="11" sc="9" el="11" ec="10" bec="0" bev="0" fileid="3" />
              </SequencePoints>
              <BranchPoints />
              <MethodPoint xsi:type="SequencePoint" vc="0" uspid="85" ordinal="0" offset="0" sl="9" sc="9" el="9" ec="59" bec="0" bev="0" fileid="3" />
            </Method>
            <Method visited="false" cyclomaticComplexity="1" nPathComplexity="0" sequenceCoverage="0" branchCoverage="0" crapScore="2" isConstructor="false" isStatic="true" isGetter="false" isSetter="false">
              <Summary numSequencePoints="3" visitedSequencePoints="0" numBranchPoints="1" visitedBranchPoints="0" sequenceCoverage="0" branchCoverage="0" maxCyclomaticComplexity="1" minCyclomaticComplexity="1" maxCrapScore="2" minCrapScore="2" visitedClasses="0" numClasses="0" visitedMethods="0" numMethods="1" />
              <MetadataToken>100663305</MetadataToken>
              <Name>Crawler.Logics.SitePageObjects.SimpleDownloadPageObject Crawler.Logics.SitePageObjects.SimpleDownloadPageObject::Create(OpenQA.Selenium.IWebDriver)</Name>
              <FileRef uid="3" />
              <SequencePoints>
                <SequencePoint vc="0" uspid="88" ordinal="0" offset="0" sl="14" sc="9" el="14" ec="10" bec="0" bev="0" fileid="3" />
                <SequencePoint vc="0" uspid="89" ordinal="1" offset="1" sl="15" sc="13" el="15" ec="79" bec="0" bev="0" fileid="3" />
                <SequencePoint vc="0" uspid="90" ordinal="2" offset="10" sl="16" sc="9" el="16" ec="10" bec="0" bev="0" fileid="3" />
              </SequencePoints>
              <BranchPoints />
              <MethodPoint xsi:type="SequencePoint" vc="0" uspid="88" ordinal="0" offset="0" sl="14" sc="9" el="14" ec="10" bec="0" bev="0" fileid="3" />
            </Method>
            <Method visited="false" cyclomaticComplexity="1" nPathComplexity="0" sequenceCoverage="0" branchCoverage="0" crapScore="2" isConstructor="false" isStatic="false" isGetter="false" isSetter="false">
              <Summary numSequencePoints="4" visitedSequencePoints="0" numBranchPoints="1" visitedBranchPoints="0" sequenceCoverage="0" branchCoverage="0" maxCyclomaticComplexity="1" minCyclomaticComplexity="1" maxCrapScore="2" minCrapScore="2" visitedClasses="0" numClasses="0" visitedMethods="0" numMethods="1" />
              <MetadataToken>100663306</MetadataToken>
              <Name>System.Void Crawler.Logics.SitePageObjects.SimpleDownloadPageObject::ClickExcelReportButton()</Name>
              <FileRef uid="3" />
              <SequencePoints>
                <SequencePoint vc="0" uspid="91" ordinal="0" offset="0" sl="22" sc="9" el="22" ec="10" bec="0" bev="0" fileid="3" />
                <SequencePoint vc="0" uspid="92" ordinal="1" offset="1" sl="23" sc="13" el="23" ec="39" bec="0" bev="0" fileid="3" />
                <SequencePoint vc="0" uspid="93" ordinal="2" offset="13" sl="24" sc="13" el="24" ec="32" bec="0" bev="0" fileid="3" />
                <SequencePoint vc="0" uspid="94" ordinal="3" offset="24" sl="25" sc="9" el="25" ec="10" bec="0" bev="0" fileid="3" />
              </SequencePoints>
              <BranchPoints />
              <MethodPoint xsi:type="SequencePoint" vc="0" uspid="91" ordinal="0" offset="0" sl="22" sc="9" el="22" ec="10" bec="0" bev="0" fileid="3" />
            </Method>
          </Methods>
        </Class>
        <Class>
          <Summary numSequencePoints="32" visitedSequencePoints="0" numBranchPoints="12" visitedBranchPoints="0" sequenceCoverage="0" branchCoverage="0" maxCyclomaticComplexity="4" minCyclomaticComplexity="1" maxCrapScore="20" minCrapScore="2" visitedClasses="0" numClasses="1" visitedMethods="0" numMethods="6" />
          <FullName>Crawler.Logics.SitePageObjects.DownloadablePageObject</FullName>
          <Methods>
            <Method visited="false" cyclomaticComplexity="1" nPathComplexity="0" sequenceCoverage="0" branchCoverage="0" crapScore="2" isConstructor="true" isStatic="false" isGetter="false" isSetter="false">
              <Summary numSequencePoints="3" visitedSequencePoints="0" numBranchPoints="1" visitedBranchPoints="0" sequenceCoverage="0" branchCoverage="0" maxCyclomaticComplexity="1" minCyclomaticComplexity="1" maxCrapScore="2" minCrapScore="2" visitedClasses="0" numClasses="0" visitedMethods="0" numMethods="1" />
              <MetadataToken>100663307</MetadataToken>
              <Name>System.Void Crawler.Logics.SitePageObjects.DownloadablePageObject::.ctor(OpenQA.Selenium.IWebDriver)</Name>
              <FileRef uid="4" />
              <SequencePoints>
                <SequencePoint vc="0" uspid="95" ordinal="0" offset="0" sl="11" sc="9" el="11" ec="57" bec="0" bev="0" fileid="4" />
                <SequencePoint vc="0" uspid="96" ordinal="1" offset="7" sl="12" sc="9" el="12" ec="10" bec="0" bev="0" fileid="4" />
                <SequencePoint vc="0" uspid="97" ordinal="2" offset="8" sl="14" sc="9" el="14" ec="10" bec="0" bev="0" fileid="4" />
              </SequencePoints>
              <BranchPoints />
              <MethodPoint xsi:type="SequencePoint" vc="0" uspid="95" ordinal="0" offset="0" sl="11" sc="9" el="11" ec="57" bec="0" bev="0" fileid="4" />
            </Method>
            <Method visited="false" cyclomaticComplexity="1" nPathComplexity="0" sequenceCoverage="0" branchCoverage="0" crapScore="2" isConstructor="false" isStatic="true" isGetter="false" isSetter="false">
              <Summary numSequencePoints="3" visitedSequencePoints="0" numBranchPoints="1" visitedBranchPoints="0" sequenceCoverage="0" branchCoverage="0" maxCyclomaticComplexity="1" minCyclomaticComplexity="1" maxCrapScore="2" minCrapScore="2" visitedClasses="0" numClasses="0" visitedMethods="0" numMethods="1" />
              <MetadataToken>100663308</MetadataToken>
              <Name>Crawler.Logics.SitePageObjects.DownloadablePageObject Crawler.Logics.SitePageObjects.DownloadablePageObject::Create(OpenQA.Selenium.IWebDriver)</Name>
              <FileRef uid="4" />
              <SequencePoints>
                <SequencePoint vc="0" uspid="98" ordinal="0" offset="0" sl="17" sc="9" el="17" ec="10" bec="0" bev="0" fileid="4" />
                <SequencePoint vc="0" uspid="99" ordinal="1" offset="1" sl="18" sc="13" el="18" ec="77" bec="0" bev="0" fileid="4" />
                <SequencePoint vc="0" uspid="100" ordinal="2" offset="10" sl="19" sc="9" el="19" ec="10" bec="0" bev="0" fileid="4" />
              </SequencePoints>
              <BranchPoints />
              <MethodPoint xsi:type="SequencePoint" vc="0" uspid="98" ordinal="0" offset="0" sl="17" sc="9" el="17" ec="10" bec="0" bev="0" fileid="4" />
            </Method>
            <Method visited="false" cyclomaticComplexity="1" nPathComplexity="0" sequenceCoverage="0" branchCoverage="0" crapScore="2" isConstructor="false" isStatic="false" isGetter="false" isSetter="false">
              <Summary numSequencePoints="4" visitedSequencePoints="0" numBranchPoints="1" visitedBranchPoints="0" sequenceCoverage="0" branchCoverage="0" maxCyclomaticComplexity="1" minCyclomaticComplexity="1" maxCrapScore="2" minCrapScore="2" visitedClasses="0" numClasses="0" visitedMethods="0" numMethods="1" />
              <MetadataToken>100663309</MetadataToken>
              <Name>System.Void Crawler.Logics.SitePageObjects.DownloadablePageObject::DownloadLinkClick()</Name>
              <FileRef uid="4" />
              <SequencePoints>
                <SequencePoint vc="0" uspid="101" ordinal="0" offset="0" sl="34" sc="9" el="34" ec="10" bec="0" bev="0" fileid="4" />
                <SequencePoint vc="0" uspid="102" ordinal="1" offset="1" sl="35" sc="13" el="35" ec="46" bec="0" bev="0" fileid="4" />
                <SequencePoint vc="0" uspid="103" ordinal="2" offset="13" sl="36" sc="13" el="36" ec="32" bec="0" bev="0" fileid="4" />
                <SequencePoint vc="0" uspid="104" ordinal="3" offset="24" sl="37" sc="9" el="37" ec="10" bec="0" bev="0" fileid="4" />
              </SequencePoints>
              <BranchPoints />
              <MethodPoint xsi:type="SequencePoint" vc="0" uspid="101" ordinal="0" offset="0" sl="34" sc="9" el="34" ec="10" bec="0" bev="0" fileid="4" />
            </Method>
            <Method visited="false" cyclomaticComplexity="1" nPathComplexity="0" sequenceCoverage="0" branchCoverage="0" crapScore="2" isConstructor="false" isStatic="false" isGetter="false" isSetter="false">
              <Summary numSequencePoints="4" visitedSequencePoints="0" numBranchPoints="1" visitedBranchPoints="0" sequenceCoverage="0" branchCoverage="0" maxCyclomaticComplexity="1" minCyclomaticComplexity="1" maxCrapScore="2" minCrapScore="2" visitedClasses="0" numClasses="0" visitedMethods="0" numMethods="1" />
              <MetadataToken>100663310</MetadataToken>
              <Name>System.Void Crawler.Logics.SitePageObjects.DownloadablePageObject::SelectAllClickInDownloadModal()</Name>
              <FileRef uid="4" />
              <SequencePoints>
                <SequencePoint vc="0" uspid="105" ordinal="0" offset="0" sl="40" sc="9" el="40" ec="10" bec="0" bev="0" fileid="4" />
                <SequencePoint vc="0" uspid="106" ordinal="1" offset="1" sl="41" sc="13" el="41" ec="41" bec="0" bev="0" fileid="4" />
                <SequencePoint vc="0" uspid="107" ordinal="2" offset="13" sl="42" sc="13" el="42" ec="32" bec="0" bev="0" fileid="4" />
                <SequencePoint vc="0" uspid="108" ordinal="3" offset="24" sl="43" sc="9" el="43" ec="10" bec="0" bev="0" fileid="4" />
              </SequencePoints>
              <BranchPoints />
              <MethodPoint xsi:type="SequencePoint" vc="0" uspid="105" ordinal="0" offset="0" sl="40" sc="9" el="40" ec="10" bec="0" bev="0" fileid="4" />
            </Method>
            <Method visited="false" cyclomaticComplexity="1" nPathComplexity="0" sequenceCoverage="0" branchCoverage="0" crapScore="2" isConstructor="false" isStatic="false" isGetter="false" isSetter="false">
              <Summary numSequencePoints="4" visitedSequencePoints="0" numBranchPoints="1" visitedBranchPoints="0" sequenceCoverage="0" branchCoverage="0" maxCyclomaticComplexity="1" minCyclomaticComplexity="1" maxCrapScore="2" minCrapScore="2" visitedClasses="0" numClasses="0" visitedMethods="0" numMethods="1" />
              <MetadataToken>100663311</MetadataToken>
              <Name>System.Void Crawler.Logics.SitePageObjects.DownloadablePageObject::DownloadClickInDownloadModal()</Name>
              <FileRef uid="4" />
              <SequencePoints>
                <SequencePoint vc="0" uspid="109" ordinal="0" offset="0" sl="46" sc="9" el="46" ec="10" bec="0" bev="0" fileid="4" />
                <SequencePoint vc="0" uspid="110" ordinal="1" offset="1" sl="47" sc="13" el="47" ec="36" bec="0" bev="0" fileid="4" />
                <SequencePoint vc="0" uspid="111" ordinal="2" offset="13" sl="48" sc="13" el="48" ec="32" bec="0" bev="0" fileid="4" />
                <SequencePoint vc="0" uspid="112" ordinal="3" offset="24" sl="49" sc="9" el="49" ec="10" bec="0" bev="0" fileid="4" />
              </SequencePoints>
              <BranchPoints />
              <MethodPoint xsi:type="SequencePoint" vc="0" uspid="109" ordinal="0" offset="0" sl="46" sc="9" el="46" ec="10" bec="0" bev="0" fileid="4" />
            </Method>
            <Method visited="false" cyclomaticComplexity="4" nPathComplexity="8" sequenceCoverage="0" branchCoverage="0" crapScore="20" isConstructor="false" isStatic="false" isGetter="false" isSetter="false">
              <Summary numSequencePoints="14" visitedSequencePoints="0" numBranchPoints="7" visitedBranchPoints="0" sequenceCoverage="0" branchCoverage="0" maxCyclomaticComplexity="4" minCyclomaticComplexity="4" maxCrapScore="20" minCrapScore="20" visitedClasses="0" numClasses="0" visitedMethods="0" numMethods="1" />
              <MetadataToken>100663312</MetadataToken>
              <Name>System.Void Crawler.Logics.SitePageObjects.DownloadablePageObject::WaitForPreparingForDownloadModalToClose()</Name>
              <FileRef uid="4" />
              <SequencePoints>
                <SequencePoint vc="0" uspid="113" ordinal="0" offset="0" sl="52" sc="9" el="52" ec="10" bec="0" bev="0" fileid="4" />
                <SequencePoint vc="0" uspid="114" ordinal="1" offset="1" sl="53" sc="13" el="53" ec="32" bec="0" bev="0" fileid="4" />
                <SequencePoint vc="0" uspid="115" ordinal="2" offset="12" sl="54" sc="18" el="54" ec="27" bec="0" bev="0" fileid="4" />
                <SequencePoint vc="0" uspid="116" ordinal="3" offset="16" sl="55" sc="13" el="55" ec="14" bec="0" bev="0" fileid="4" />
                <SequencePoint vc="0" uspid="117" ordinal="4" offset="17" sl="56" sc="17" el="56" ec="99" bec="2" bev="0" fileid="4" />
                <SequencePoint vc="0" uspid="118" ordinal="5" offset="65" sl="57" sc="17" el="57" ec="44" bec="2" bev="0" fileid="4" />
                <SequencePoint vc="0" uspid="119" ordinal="6" offset="78" sl="58" sc="17" el="58" ec="18" bec="0" bev="0" fileid="4" />
                <SequencePoint vc="0" uspid="120" ordinal="7" offset="79" sl="59" sc="21" el="59" ec="28" bec="0" bev="0" fileid="4" />
                <SequencePoint vc="0" uspid="121" ordinal="8" offset="81" sl="61" sc="17" el="61" ec="36" bec="0" bev="0" fileid="4" />
                <SequencePoint vc="0" uspid="122" ordinal="9" offset="92" sl="62" sc="13" el="62" ec="14" bec="0" bev="0" fileid="4" />
                <SequencePoint vc="0" uspid="123" ordinal="10" offset="93" sl="54" sc="37" el="54" ec="40" bec="0" bev="0" fileid="4" />
                <SequencePoint vc="0" uspid="124" ordinal="11" offset="97" sl="54" sc="29" el="54" ec="35" bec="2" bev="0" fileid="4" />
                <SequencePoint vc="0" uspid="125" ordinal="12" offset="106" sl="63" sc="13" el="63" ec="32" bec="0" bev="0" fileid="4" />
                <SequencePoint vc="0" uspid="126" ordinal="13" offset="117" sl="64" sc="9" el="64" ec="10" bec="0" bev="0" fileid="4" />
              </SequencePoints>
              <BranchPoints>
                <BranchPoint vc="0" uspid="127" ordinal="0" offset="29" sl="56" path="0" offsetend="31" fileid="4" />
                <BranchPoint vc="0" uspid="128" ordinal="1" offset="29" sl="56" path="1" offsetend="54" fileid="4" />
                <BranchPoint vc="0" uspid="129" ordinal="2" offset="76" sl="57" path="0" offsetend="78" fileid="4" />
                <BranchPoint vc="0" uspid="130" ordinal="3" offset="76" sl="57" path="1" offsetend="81" fileid="4" />
                <BranchPoint vc="0" uspid="131" ordinal="4" offset="104" sl="54" path="0" offsetend="106" fileid="4" />
                <BranchPoint vc="0" uspid="132" ordinal="5" offset="104" sl="54" path="1" offsetend="16" fileid="4" />
              </BranchPoints>
              <MethodPoint xsi:type="SequencePoint" vc="0" uspid="113" ordinal="0" offset="0" sl="52" sc="9" el="52" ec="10" bec="0" bev="0" fileid="4" />
            </Method>
          </Methods>
        </Class>
        <Class>
          <Summary numSequencePoints="1" visitedSequencePoints="0" numBranchPoints="1" visitedBranchPoints="0" sequenceCoverage="0" branchCoverage="0" maxCyclomaticComplexity="1" minCyclomaticComplexity="1" maxCrapScore="2" minCrapScore="2" visitedClasses="0" numClasses="1" visitedMethods="0" numMethods="1" />
          <FullName>Crawler.Logics.SitePageObjects.DownloadablePageObject/&lt;&gt;c</FullName>
          <Methods>
            <Method visited="false" cyclomaticComplexity="1" nPathComplexity="0" sequenceCoverage="0" branchCoverage="0" crapScore="2" isConstructor="true" isStatic="true" isGetter="false" isSetter="false">
              <Summary numSequencePoints="0" visitedSequencePoints="0" numBranchPoints="0" visitedBranchPoints="0" sequenceCoverage="0" branchCoverage="0" maxCyclomaticComplexity="1" minCyclomaticComplexity="1" maxCrapScore="2" minCrapScore="2" visitedClasses="0" numClasses="0" visitedMethods="0" numMethods="0" />
              <MetadataToken>100663344</MetadataToken>
              <Name>System.Void Crawler.Logics.SitePageObjects.DownloadablePageObject/&lt;&gt;c::.cctor()</Name>
              <SequencePoints />
              <BranchPoints />
              <MethodPoint vc="0" uspid="133" ordinal="0" offset="0" />
            </Method>
            <Method visited="false" cyclomaticComplexity="1" nPathComplexity="0" sequenceCoverage="0" branchCoverage="0" crapScore="2" isConstructor="true" isStatic="false" isGetter="false" isSetter="false">
              <Summary numSequencePoints="0" visitedSequencePoints="0" numBranchPoints="0" visitedBranchPoints="0" sequenceCoverage="0" branchCoverage="0" maxCyclomaticComplexity="1" minCyclomaticComplexity="1" maxCrapScore="2" minCrapScore="2" visitedClasses="0" numClasses="0" visitedMethods="0" numMethods="0" />
              <MetadataToken>100663345</MetadataToken>
              <Name>System.Void Crawler.Logics.SitePageObjects.DownloadablePageObject/&lt;&gt;c::.ctor()</Name>
              <SequencePoints />
              <BranchPoints />
              <MethodPoint vc="0" uspid="134" ordinal="0" offset="0" />
            </Method>
            <Method visited="false" cyclomaticComplexity="1" nPathComplexity="0" sequenceCoverage="0" branchCoverage="0" crapScore="2" isConstructor="false" isStatic="false" isGetter="false" isSetter="false">
              <Summary numSequencePoints="1" visitedSequencePoints="0" numBranchPoints="1" visitedBranchPoints="0" sequenceCoverage="0" branchCoverage="0" maxCyclomaticComplexity="1" minCyclomaticComplexity="1" maxCrapScore="2" minCrapScore="2" visitedClasses="0" numClasses="0" visitedMethods="0" numMethods="1" />
              <MetadataToken>100663346</MetadataToken>
              <Name>System.Boolean Crawler.Logics.SitePageObjects.DownloadablePageObject/&lt;&gt;c::&lt;WaitForPreparingForDownloadModalToClose&gt;b__9_0(OpenQA.Selenium.IWebElement)</Name>
              <FileRef uid="4" />
              <SequencePoints>
                <SequencePoint vc="0" uspid="135" ordinal="0" offset="0" sl="56" sc="76" el="56" ec="87" bec="0" bev="0" fileid="4" />
              </SequencePoints>
              <BranchPoints />
              <MethodPoint xsi:type="SequencePoint" vc="0" uspid="135" ordinal="0" offset="0" sl="56" sc="76" el="56" ec="87" bec="0" bev="0" fileid="4" />
            </Method>
          </Methods>
        </Class>
        <Class>
          <Summary numSequencePoints="56" visitedSequencePoints="0" numBranchPoints="16" visitedBranchPoints="0" sequenceCoverage="0" branchCoverage="0" maxCyclomaticComplexity="4" minCyclomaticComplexity="1" maxCrapScore="20" minCrapScore="2" visitedClasses="0" numClasses="1" visitedMethods="0" numMethods="12" />
          <FullName>Crawler.Logics.SitePageObjects.MainPageObject</FullName>
          <Methods>
            <Method visited="false" cyclomaticComplexity="1" nPathComplexity="0" sequenceCoverage="0" branchCoverage="0" crapScore="2" isConstructor="false" isStatic="false" isGetter="true" isSetter="false">
              <Summary numSequencePoints="3" visitedSequencePoints="0" numBranchPoints="1" visitedBranchPoints="0" sequenceCoverage="0" branchCoverage="0" maxCyclomaticComplexity="1" minCyclomaticComplexity="1" maxCrapScore="2" minCrapScore="2" visitedClasses="0" numClasses="0" visitedMethods="0" numMethods="1" />
              <MetadataToken>100663314</MetadataToken>
              <Name>System.Boolean Crawler.Logics.SitePageObjects.MainPageObject::get_IsAuthenticated()</Name>
              <FileRef uid="6" />
              <SequencePoints>
                <SequencePoint vc="0" uspid="136" ordinal="0" offset="0" sl="53" sc="13" el="53" ec="14" bec="0" bev="0" fileid="6" />
                <SequencePoint vc="0" uspid="137" ordinal="1" offset="1" sl="54" sc="17" el="54" ec="41" bec="0" bev="0" fileid="6" />
                <SequencePoint vc="0" uspid="138" ordinal="2" offset="15" sl="55" sc="13" el="55" ec="14" bec="0" bev="0" fileid="6" />
              </SequencePoints>
              <BranchPoints />
              <MethodPoint xsi:type="SequencePoint" vc="0" uspid="136" ordinal="0" offset="0" sl="53" sc="13" el="53" ec="14" bec="0" bev="0" fileid="6" />
            </Method>
            <Method visited="false" cyclomaticComplexity="1" nPathComplexity="0" sequenceCoverage="0" branchCoverage="0" crapScore="2" isConstructor="false" isStatic="true" isGetter="false" isSetter="false">
              <Summary numSequencePoints="3" visitedSequencePoints="0" numBranchPoints="1" visitedBranchPoints="0" sequenceCoverage="0" branchCoverage="0" maxCyclomaticComplexity="1" minCyclomaticComplexity="1" maxCrapScore="2" minCrapScore="2" visitedClasses="0" numClasses="0" visitedMethods="0" numMethods="1" />
              <MetadataToken>100663313</MetadataToken>
              <Name>Crawler.Logics.SitePageObjects.MainPageObject Crawler.Logics.SitePageObjects.MainPageObject::Create(OpenQA.Selenium.IWebDriver)</Name>
              <FileRef uid="6" />
              <SequencePoints>
                <SequencePoint vc="0" uspid="139" ordinal="0" offset="0" sl="12" sc="9" el="12" ec="10" bec="0" bev="0" fileid="6" />
                <SequencePoint vc="0" uspid="140" ordinal="1" offset="1" sl="13" sc="13" el="13" ec="69" bec="0" bev="0" fileid="6" />
                <SequencePoint vc="0" uspid="141" ordinal="2" offset="10" sl="14" sc="9" el="14" ec="10" bec="0" bev="0" fileid="6" />
              </SequencePoints>
              <BranchPoints />
              <MethodPoint xsi:type="SequencePoint" vc="0" uspid="139" ordinal="0" offset="0" sl="12" sc="9" el="12" ec="10" bec="0" bev="0" fileid="6" />
            </Method>
            <Method visited="false" cyclomaticComplexity="1" nPathComplexity="0" sequenceCoverage="0" branchCoverage="0" crapScore="2" isConstructor="false" isStatic="false" isGetter="false" isSetter="false">
              <Summary numSequencePoints="4" visitedSequencePoints="0" numBranchPoints="1" visitedBranchPoints="0" sequenceCoverage="0" branchCoverage="0" maxCyclomaticComplexity="1" minCyclomaticComplexity="1" maxCrapScore="2" minCrapScore="2" visitedClasses="0" numClasses="0" visitedMethods="0" numMethods="1" />
              <MetadataToken>100663315</MetadataToken>
              <Name>System.Void Crawler.Logics.SitePageObjects.MainPageObject::SubmitLoginLinkToMailSending()</Name>
              <FileRef uid="6" />
              <SequencePoints>
                <SequencePoint vc="0" uspid="142" ordinal="0" offset="0" sl="59" sc="9" el="59" ec="10" bec="0" bev="0" fileid="6" />
                <SequencePoint vc="0" uspid="143" ordinal="1" offset="1" sl="60" sc="13" el="60" ec="34" bec="0" bev="0" fileid="6" />
                <SequencePoint vc="0" uspid="144" ordinal="2" offset="13" sl="61" sc="13" el="61" ec="32" bec="0" bev="0" fileid="6" />
                <SequencePoint vc="0" uspid="145" ordinal="3" offset="24" sl="62" sc="9" el="62" ec="10" bec="0" bev="0" fileid="6" />
              </SequencePoints>
              <BranchPoints />
              <MethodPoint xsi:type="SequencePoint" vc="0" uspid="142" ordinal="0" offset="0" sl="59" sc="9" el="59" ec="10" bec="0" bev="0" fileid="6" />
            </Method>
            <Method visited="false" cyclomaticComplexity="4" nPathComplexity="4" sequenceCoverage="0" branchCoverage="0" crapScore="20" isConstructor="false" isStatic="false" isGetter="false" isSetter="false">
              <Summary numSequencePoints="14" visitedSequencePoints="0" numBranchPoints="5" visitedBranchPoints="0" sequenceCoverage="0" branchCoverage="0" maxCyclomaticComplexity="4" minCyclomaticComplexity="4" maxCrapScore="20" minCrapScore="20" visitedClasses="0" numClasses="0" visitedMethods="0" numMethods="1" />
              <MetadataToken>100663316</MetadataToken>
              <Name>System.Void Crawler.Logics.SitePageObjects.MainPageObject::CloseModalIfNeeded()</Name>
              <FileRef uid="6" />
              <SequencePoints>
                <SequencePoint vc="0" uspid="146" ordinal="0" offset="0" sl="65" sc="9" el="65" ec="10" bec="0" bev="0" fileid="6" />
                <SequencePoint vc="0" uspid="147" ordinal="1" offset="1" sl="67" sc="13" el="67" ec="32" bec="0" bev="0" fileid="6" />
                <SequencePoint vc="0" uspid="148" ordinal="2" offset="12" sl="69" sc="13" el="69" ec="85" bec="2" bev="0" fileid="6" />
                <SequencePoint vc="0" uspid="149" ordinal="3" offset="60" sl="71" sc="13" el="71" ec="39" bec="2" bev="0" fileid="6" />
                <SequencePoint vc="0" uspid="150" ordinal="4" offset="73" sl="71" sc="40" el="71" ec="47" bec="0" bev="0" fileid="6" />
                <SequencePoint vc="0" uspid="151" ordinal="5" offset="75" sl="73" sc="13" el="73" ec="20" bec="0" bev="0" fileid="6" />
                <SequencePoint vc="0" uspid="152" ordinal="6" offset="76" sl="73" sc="36" el="73" ec="50" bec="0" bev="0" fileid="6" />
                <SequencePoint vc="0" uspid="153" ordinal="7" offset="85" sl="73" sc="22" el="73" ec="32" bec="0" bev="0" fileid="6" />
                <SequencePoint vc="0" uspid="154" ordinal="8" offset="93" sl="74" sc="13" el="74" ec="14" bec="0" bev="0" fileid="6" />
                <SequencePoint vc="0" uspid="155" ordinal="9" offset="94" sl="75" sc="17" el="75" ec="32" bec="0" bev="0" fileid="6" />
                <SequencePoint vc="0" uspid="156" ordinal="10" offset="101" sl="76" sc="13" el="76" ec="14" bec="0" bev="0" fileid="6" />
                <SequencePoint vc="0" uspid="157" ordinal="11" offset="102" sl="73" sc="33" el="73" ec="35" bec="0" bev="0" fileid="6" />
                <SequencePoint vc="0" uspid="158" ordinal="12" offset="128" sl="79" sc="13" el="79" ec="32" bec="0" bev="0" fileid="6" />
                <SequencePoint vc="0" uspid="159" ordinal="13" offset="139" sl="80" sc="9" el="80" ec="10" bec="0" bev="0" fileid="6" />
              </SequencePoints>
              <BranchPoints>
                <BranchPoint vc="0" uspid="160" ordinal="0" offset="24" sl="69" path="0" offsetend="26" fileid="6" />
                <BranchPoint vc="0" uspid="161" ordinal="1" offset="24" sl="69" path="1" offsetend="49" fileid="6" />
                <BranchPoint vc="0" uspid="162" ordinal="2" offset="71" sl="71" path="0" offsetchain="73" offsetend="139" fileid="6" />
                <BranchPoint vc="0" uspid="163" ordinal="3" offset="71" sl="71" path="1" offsetend="75" fileid="6" />
              </BranchPoints>
              <MethodPoint xsi:type="SequencePoint" vc="0" uspid="146" ordinal="0" offset="0" sl="65" sc="9" el="65" ec="10" bec="0" bev="0" fileid="6" />
            </Method>
            <Method visited="false" cyclomaticComplexity="1" nPathComplexity="0" sequenceCoverage="0" branchCoverage="0" crapScore="2" isConstructor="false" isStatic="false" isGetter="false" isSetter="false">
              <Summary numSequencePoints="4" visitedSequencePoints="0" numBranchPoints="1" visitedBranchPoints="0" sequenceCoverage="0" branchCoverage="0" maxCyclomaticComplexity="1" minCyclomaticComplexity="1" maxCrapScore="2" minCrapScore="2" visitedClasses="0" numClasses="0" visitedMethods="0" numMethods="1" />
              <MetadataToken>100663317</MetadataToken>
              <Name>System.Void Crawler.Logics.SitePageObjects.MainPageObject::ProceedToDownloadPageLink1()</Name>
              <FileRef uid="6" />
              <SequencePoints>
                <SequencePoint vc="0" uspid="166" ordinal="0" offset="0" sl="83" sc="9" el="83" ec="10" bec="0" bev="0" fileid="6" />
                <SequencePoint vc="0" uspid="167" ordinal="1" offset="1" sl="84" sc="13" el="84" ec="39" bec="0" bev="0" fileid="6" />
                <SequencePoint vc="0" uspid="168" ordinal="2" offset="13" sl="85" sc="13" el="85" ec="32" bec="0" bev="0" fileid="6" />
                <SequencePoint vc="0" uspid="169" ordinal="3" offset="24" sl="86" sc="9" el="86" ec="10" bec="0" bev="0" fileid="6" />
              </SequencePoints>
              <BranchPoints />
              <MethodPoint xsi:type="SequencePoint" vc="0" uspid="166" ordinal="0" offset="0" sl="83" sc="9" el="83" ec="10" bec="0" bev="0" fileid="6" />
            </Method>
            <Method visited="false" cyclomaticComplexity="1" nPathComplexity="0" sequenceCoverage="0" branchCoverage="0" crapScore="2" isConstructor="false" isStatic="false" isGetter="false" isSetter="false">
              <Summary numSequencePoints="4" visitedSequencePoints="0" numBranchPoints="1" visitedBranchPoints="0" sequenceCoverage="0" branchCoverage="0" maxCyclomaticComplexity="1" minCyclomaticComplexity="1" maxCrapScore="2" minCrapScore="2" visitedClasses="0" numClasses="0" visitedMethods="0" numMethods="1" />
              <MetadataToken>100663318</MetadataToken>
              <Name>System.Void Crawler.Logics.SitePageObjects.MainPageObject::ProceedToDownloadPageLink2()</Name>
              <FileRef uid="6" />
              <SequencePoints>
                <SequencePoint vc="0" uspid="170" ordinal="0" offset="0" sl="89" sc="9" el="89" ec="10" bec="0" bev="0" fileid="6" />
                <SequencePoint vc="0" uspid="171" ordinal="1" offset="1" sl="90" sc="13" el="90" ec="39" bec="0" bev="0" fileid="6" />
                <SequencePoint vc="0" uspid="172" ordinal="2" offset="13" sl="91" sc="13" el="91" ec="32" bec="0" bev="0" fileid="6" />
                <SequencePoint vc="0" uspid="173" ordinal="3" offset="24" sl="92" sc="9" el="92" ec="10" bec="0" bev="0" fileid="6" />
              </SequencePoints>
              <BranchPoints />
              <MethodPoint xsi:type="SequencePoint" vc="0" uspid="170" ordinal="0" offset="0" sl="89" sc="9" el="89" ec="10" bec="0" bev="0" fileid="6" />
            </Method>
            <Method visited="false" cyclomaticComplexity="1" nPathComplexity="0" sequenceCoverage="0" branchCoverage="0" crapScore="2" isConstructor="false" isStatic="false" isGetter="false" isSetter="false">
              <Summary numSequencePoints="4" visitedSequencePoints="0" numBranchPoints="1" visitedBranchPoints="0" sequenceCoverage="0" branchCoverage="0" maxCyclomaticComplexity="1" minCyclomaticComplexity="1" maxCrapScore="2" minCrapScore="2" visitedClasses="0" numClasses="0" visitedMethods="0" numMethods="1" />
              <MetadataToken>100663319</MetadataToken>
              <Name>System.Void Crawler.Logics.SitePageObjects.MainPageObject::ProceedToDownloadPageLink3()</Name>
              <FileRef uid="6" />
              <SequencePoints>
                <SequencePoint vc="0" uspid="174" ordinal="0" offset="0" sl="95" sc="9" el="95" ec="10" bec="0" bev="0" fileid="6" />
                <SequencePoint vc="0" uspid="175" ordinal="1" offset="1" sl="96" sc="13" el="96" ec="39" bec="0" bev="0" fileid="6" />
                <SequencePoint vc="0" uspid="176" ordinal="2" offset="13" sl="97" sc="13" el="97" ec="32" bec="0" bev="0" fileid="6" />
                <SequencePoint vc="0" uspid="177" ordinal="3" offset="24" sl="98" sc="9" el="98" ec="10" bec="0" bev="0" fileid="6" />
              </SequencePoints>
              <BranchPoints />
              <MethodPoint xsi:type="SequencePoint" vc="0" uspid="174" ordinal="0" offset="0" sl="95" sc="9" el="95" ec="10" bec="0" bev="0" fileid="6" />
            </Method>
            <Method visited="false" cyclomaticComplexity="1" nPathComplexity="0" sequenceCoverage="0" branchCoverage="0" crapScore="2" isConstructor="false" isStatic="false" isGetter="false" isSetter="false">
              <Summary numSequencePoints="4" visitedSequencePoints="0" numBranchPoints="1" visitedBranchPoints="0" sequenceCoverage="0" branchCoverage="0" maxCyclomaticComplexity="1" minCyclomaticComplexity="1" maxCrapScore="2" minCrapScore="2" visitedClasses="0" numClasses="0" visitedMethods="0" numMethods="1" />
              <MetadataToken>100663320</MetadataToken>
              <Name>System.Void Crawler.Logics.SitePageObjects.MainPageObject::ProceedToDownloadPageLink5()</Name>
              <FileRef uid="6" />
              <SequencePoints>
                <SequencePoint vc="0" uspid="178" ordinal="0" offset="0" sl="101" sc="9" el="101" ec="10" bec="0" bev="0" fileid="6" />
                <SequencePoint vc="0" uspid="179" ordinal="1" offset="1" sl="102" sc="13" el="102" ec="39" bec="0" bev="0" fileid="6" />
                <SequencePoint vc="0" uspid="180" ordinal="2" offset="13" sl="103" sc="13" el="103" ec="32" bec="0" bev="0" fileid="6" />
                <SequencePoint vc="0" uspid="181" ordinal="3" offset="24" sl="104" sc="9" el="104" ec="10" bec="0" bev="0" fileid="6" />
              </SequencePoints>
              <BranchPoints />
              <MethodPoint xsi:type="SequencePoint" vc="0" uspid="178" ordinal="0" offset="0" sl="101" sc="9" el="101" ec="10" bec="0" bev="0" fileid="6" />
            </Method>
            <Method visited="false" cyclomaticComplexity="1" nPathComplexity="0" sequenceCoverage="0" branchCoverage="0" crapScore="2" isConstructor="false" isStatic="false" isGetter="false" isSetter="false">
              <Summary numSequencePoints="4" visitedSequencePoints="0" numBranchPoints="1" visitedBranchPoints="0" sequenceCoverage="0" branchCoverage="0" maxCyclomaticComplexity="1" minCyclomaticComplexity="1" maxCrapScore="2" minCrapScore="2" visitedClasses="0" numClasses="0" visitedMethods="0" numMethods="1" />
              <MetadataToken>100663321</MetadataToken>
              <Name>System.Void Crawler.Logics.SitePageObjects.MainPageObject::ProceedToDownloadPageLink4()</Name>
              <FileRef uid="6" />
              <SequencePoints>
                <SequencePoint vc="0" uspid="182" ordinal="0" offset="0" sl="107" sc="9" el="107" ec="10" bec="0" bev="0" fileid="6" />
                <SequencePoint vc="0" uspid="183" ordinal="1" offset="1" sl="108" sc="13" el="108" ec="39" bec="0" bev="0" fileid="6" />
                <SequencePoint vc="0" uspid="184" ordinal="2" offset="13" sl="109" sc="13" el="109" ec="32" bec="0" bev="0" fileid="6" />
                <SequencePoint vc="0" uspid="185" ordinal="3" offset="24" sl="110" sc="9" el="110" ec="10" bec="0" bev="0" fileid="6" />
              </SequencePoints>
              <BranchPoints />
              <MethodPoint xsi:type="SequencePoint" vc="0" uspid="182" ordinal="0" offset="0" sl="107" sc="9" el="107" ec="10" bec="0" bev="0" fileid="6" />
            </Method>
            <Method visited="false" cyclomaticComplexity="1" nPathComplexity="0" sequenceCoverage="0" branchCoverage="0" crapScore="2" isConstructor="false" isStatic="false" isGetter="false" isSetter="false">
              <Summary numSequencePoints="4" visitedSequencePoints="0" numBranchPoints="1" visitedBranchPoints="0" sequenceCoverage="0" branchCoverage="0" maxCyclomaticComplexity="1" minCyclomaticComplexity="1" maxCrapScore="2" minCrapScore="2" visitedClasses="0" numClasses="0" visitedMethods="0" numMethods="1" />
              <MetadataToken>100663322</MetadataToken>
              <Name>System.Void Crawler.Logics.SitePageObjects.MainPageObject::ProceedToMoreDownloadPageLink1()</Name>
              <FileRef uid="6" />
              <SequencePoints>
                <SequencePoint vc="0" uspid="186" ordinal="0" offset="0" sl="113" sc="9" el="113" ec="10" bec="0" bev="0" fileid="6" />
                <SequencePoint vc="0" uspid="187" ordinal="1" offset="1" sl="114" sc="13" el="114" ec="43" bec="0" bev="0" fileid="6" />
                <SequencePoint vc="0" uspid="188" ordinal="2" offset="13" sl="115" sc="13" el="115" ec="32" bec="0" bev="0" fileid="6" />
                <SequencePoint vc="0" uspid="189" ordinal="3" offset="24" sl="116" sc="9" el="116" ec="10" bec="0" bev="0" fileid="6" />
              </SequencePoints>
              <BranchPoints />
              <MethodPoint xsi:type="SequencePoint" vc="0" uspid="186" ordinal="0" offset="0" sl="113" sc="9" el="113" ec="10" bec="0" bev="0" fileid="6" />
            </Method>
            <Method visited="false" cyclomaticComplexity="1" nPathComplexity="0" sequenceCoverage="0" branchCoverage="0" crapScore="2" isConstructor="false" isStatic="false" isGetter="false" isSetter="false">
              <Summary numSequencePoints="4" visitedSequencePoints="0" numBranchPoints="1" visitedBranchPoints="0" sequenceCoverage="0" branchCoverage="0" maxCyclomaticComplexity="1" minCyclomaticComplexity="1" maxCrapScore="2" minCrapScore="2" visitedClasses="0" numClasses="0" visitedMethods="0" numMethods="1" />
              <MetadataToken>100663323</MetadataToken>
              <Name>System.Void Crawler.Logics.SitePageObjects.MainPageObject::ProceedToMoreDownloadPageLink2()</Name>
              <FileRef uid="6" />
              <SequencePoints>
                <SequencePoint vc="0" uspid="190" ordinal="0" offset="0" sl="119" sc="9" el="119" ec="10" bec="0" bev="0" fileid="6" />
                <SequencePoint vc="0" uspid="191" ordinal="1" offset="1" sl="120" sc="13" el="120" ec="43" bec="0" bev="0" fileid="6" />
                <SequencePoint vc="0" uspid="192" ordinal="2" offset="13" sl="121" sc="13" el="121" ec="32" bec="0" bev="0" fileid="6" />
                <SequencePoint vc="0" uspid="193" ordinal="3" offset="24" sl="122" sc="9" el="122" ec="10" bec="0" bev="0" fileid="6" />
              </SequencePoints>
              <BranchPoints />
              <MethodPoint xsi:type="SequencePoint" vc="0" uspid="190" ordinal="0" offset="0" sl="119" sc="9" el="119" ec="10" bec="0" bev="0" fileid="6" />
            </Method>
            <Method visited="false" cyclomaticComplexity="1" nPathComplexity="0" sequenceCoverage="0" branchCoverage="0" crapScore="2" isConstructor="false" isStatic="false" isGetter="false" isSetter="false">
              <Summary numSequencePoints="4" visitedSequencePoints="0" numBranchPoints="1" visitedBranchPoints="0" sequenceCoverage="0" branchCoverage="0" maxCyclomaticComplexity="1" minCyclomaticComplexity="1" maxCrapScore="2" minCrapScore="2" visitedClasses="0" numClasses="0" visitedMethods="0" numMethods="1" />
              <MetadataToken>100663324</MetadataToken>
              <Name>System.Void Crawler.Logics.SitePageObjects.MainPageObject::GoToMainPage()</Name>
              <FileRef uid="6" />
              <SequencePoints>
                <SequencePoint vc="0" uspid="194" ordinal="0" offset="0" sl="125" sc="9" el="125" ec="10" bec="0" bev="0" fileid="6" />
                <SequencePoint vc="0" uspid="195" ordinal="1" offset="1" sl="126" sc="13" el="126" ec="34" bec="0" bev="0" fileid="6" />
                <SequencePoint vc="0" uspid="196" ordinal="2" offset="13" sl="127" sc="13" el="127" ec="32" bec="0" bev="0" fileid="6" />
                <SequencePoint vc="0" uspid="197" ordinal="3" offset="24" sl="128" sc="9" el="128" ec="10" bec="0" bev="0" fileid="6" />
              </SequencePoints>
              <BranchPoints />
              <MethodPoint xsi:type="SequencePoint" vc="0" uspid="194" ordinal="0" offset="0" sl="125" sc="9" el="125" ec="10" bec="0" bev="0" fileid="6" />
            </Method>
            <Method visited="false" cyclomaticComplexity="1" nPathComplexity="0" sequenceCoverage="0" branchCoverage="0" crapScore="2" isConstructor="true" isStatic="false" isGetter="false" isSetter="false">
              <Summary numSequencePoints="0" visitedSequencePoints="0" numBranchPoints="0" visitedBranchPoints="0" sequenceCoverage="0" branchCoverage="0" maxCyclomaticComplexity="1" minCyclomaticComplexity="1" maxCrapScore="2" minCrapScore="2" visitedClasses="0" numClasses="0" visitedMethods="0" numMethods="0" />
              <MetadataToken>100663325</MetadataToken>
              <Name>System.Void Crawler.Logics.SitePageObjects.MainPageObject::.ctor()</Name>
              <SequencePoints />
              <BranchPoints />
              <MethodPoint vc="0" uspid="198" ordinal="0" offset="0" />
            </Method>
          </Methods>
        </Class>
        <Class>
          <Summary numSequencePoints="1" visitedSequencePoints="0" numBranchPoints="1" visitedBranchPoints="0" sequenceCoverage="0" branchCoverage="0" maxCyclomaticComplexity="1" minCyclomaticComplexity="1" maxCrapScore="2" minCrapScore="2" visitedClasses="0" numClasses="1" visitedMethods="0" numMethods="1" />
          <FullName>Crawler.Logics.SitePageObjects.MainPageObject/&lt;&gt;c</FullName>
          <Methods>
            <Method visited="false" cyclomaticComplexity="1" nPathComplexity="0" sequenceCoverage="0" branchCoverage="0" crapScore="2" isConstructor="true" isStatic="true" isGetter="false" isSetter="false">
              <Summary numSequencePoints="0" visitedSequencePoints="0" numBranchPoints="0" visitedBranchPoints="0" sequenceCoverage="0" branchCoverage="0" maxCyclomaticComplexity="1" minCyclomaticComplexity="1" maxCrapScore="2" minCrapScore="2" visitedClasses="0" numClasses="0" visitedMethods="0" numMethods="0" />
              <MetadataToken>100663347</MetadataToken>
              <Name>System.Void Crawler.Logics.SitePageObjects.MainPageObject/&lt;&gt;c::.cctor()</Name>
              <SequencePoints />
              <BranchPoints />
              <MethodPoint vc="0" uspid="199" ordinal="0" offset="0" />
            </Method>
            <Method visited="false" cyclomaticComplexity="1" nPathComplexity="0" sequenceCoverage="0" branchCoverage="0" crapScore="2" isConstructor="true" isStatic="false" isGetter="false" isSetter="false">
              <Summary numSequencePoints="0" visitedSequencePoints="0" numBranchPoints="0" visitedBranchPoints="0" sequenceCoverage="0" branchCoverage="0" maxCyclomaticComplexity="1" minCyclomaticComplexity="1" maxCrapScore="2" minCrapScore="2" visitedClasses="0" numClasses="0" visitedMethods="0" numMethods="0" />
              <MetadataToken>100663348</MetadataToken>
              <Name>System.Void Crawler.Logics.SitePageObjects.MainPageObject/&lt;&gt;c::.ctor()</Name>
              <SequencePoints />
              <BranchPoints />
              <MethodPoint vc="0" uspid="200" ordinal="0" offset="0" />
            </Method>
            <Method visited="false" cyclomaticComplexity="1" nPathComplexity="0" sequenceCoverage="0" branchCoverage="0" crapScore="2" isConstructor="false" isStatic="false" isGetter="false" isSetter="false">
              <Summary numSequencePoints="1" visitedSequencePoints="0" numBranchPoints="1" visitedBranchPoints="0" sequenceCoverage="0" branchCoverage="0" maxCyclomaticComplexity="1" minCyclomaticComplexity="1" maxCrapScore="2" minCrapScore="2" visitedClasses="0" numClasses="0" visitedMethods="0" numMethods="1" />
              <MetadataToken>100663349</MetadataToken>
              <Name>System.Boolean Crawler.Logics.SitePageObjects.MainPageObject/&lt;&gt;c::&lt;CloseModalIfNeeded&gt;b__15_0(OpenQA.Selenium.IWebElement)</Name>
              <FileRef uid="6" />
              <SequencePoints>
                <SequencePoint vc="0" uspid="201" ordinal="0" offset="0" sl="69" sc="63" el="69" ec="74" bec="0" bev="0" fileid="6" />
              </SequencePoints>
              <BranchPoints />
              <MethodPoint xsi:type="SequencePoint" vc="0" uspid="201" ordinal="0" offset="0" sl="69" sc="63" el="69" ec="74" bec="0" bev="0" fileid="6" />
            </Method>
          </Methods>
        </Class>
        <Class>
          <Summary numSequencePoints="3" visitedSequencePoints="0" numBranchPoints="1" visitedBranchPoints="0" sequenceCoverage="0" branchCoverage="0" maxCyclomaticComplexity="1" minCyclomaticComplexity="1" maxCrapScore="2" minCrapScore="2" visitedClasses="0" numClasses="1" visitedMethods="0" numMethods="1" />
          <FullName>Crawler.Logics.Exceptions.CrawlerAuthenticationException</FullName>
          <Methods>
            <Method visited="false" cyclomaticComplexity="1" nPathComplexity="0" sequenceCoverage="0" branchCoverage="0" crapScore="2" isConstructor="true" isStatic="false" isGetter="false" isSetter="false">
              <Summary numSequencePoints="3" visitedSequencePoints="0" numBranchPoints="1" visitedBranchPoints="0" sequenceCoverage="0" branchCoverage="0" maxCyclomaticComplexity="1" minCyclomaticComplexity="1" maxCrapScore="2" minCrapScore="2" visitedClasses="0" numClasses="0" visitedMethods="0" numMethods="1" />
              <MetadataToken>100663326</MetadataToken>
              <Name>System.Void Crawler.Logics.Exceptions.CrawlerAuthenticationException::.ctor(System.String)</Name>
              <FileRef uid="8" />
              <SequencePoints>
                <SequencePoint vc="0" uspid="202" ordinal="0" offset="0" sl="7" sc="65" el="7" ec="78" bec="0" bev="0" fileid="8" />
                <SequencePoint vc="0" uspid="203" ordinal="1" offset="8" sl="8" sc="9" el="8" ec="10" bec="0" bev="0" fileid="8" />
                <SequencePoint vc="0" uspid="204" ordinal="2" offset="9" sl="9" sc="9" el="9" ec="10" bec="0" bev="0" fileid="8" />
              </SequencePoints>
              <BranchPoints />
              <MethodPoint xsi:type="SequencePoint" vc="0" uspid="202" ordinal="0" offset="0" sl="7" sc="65" el="7" ec="78" bec="0" bev="0" fileid="8" />
            </Method>
          </Methods>
        </Class>
        <Class>
          <Summary numSequencePoints="10" visitedSequencePoints="0" numBranchPoints="2" visitedBranchPoints="0" sequenceCoverage="0" branchCoverage="0" maxCyclomaticComplexity="1" minCyclomaticComplexity="1" maxCrapScore="2" minCrapScore="2" visitedClasses="0" numClasses="1" visitedMethods="0" numMethods="2" />
          <FullName>Crawler.Logics.Authentication.AuthLinkStore</FullName>
          <Methods>
            <Method visited="false" cyclomaticComplexity="1" nPathComplexity="0" sequenceCoverage="0" branchCoverage="0" crapScore="2" isConstructor="false" isStatic="false" isGetter="false" isSetter="false">
              <Summary numSequencePoints="7" visitedSequencePoints="0" numBranchPoints="1" visitedBranchPoints="0" sequenceCoverage="0" branchCoverage="0" maxCyclomaticComplexity="1" minCyclomaticComplexity="1" maxCrapScore="2" minCrapScore="2" visitedClasses="0" numClasses="0" visitedMethods="0" numMethods="1" />
              <MetadataToken>100663327</MetadataToken>
              <Name>System.String Crawler.Logics.Authentication.AuthLinkStore::ReadLastAuthUrl()</Name>
              <FileRef uid="9" />
              <SequencePoints>
                <SequencePoint vc="0" uspid="205" ordinal="0" offset="0" sl="11" sc="9" el="11" ec="10" bec="0" bev="0" fileid="9" />
                <SequencePoint vc="0" uspid="206" ordinal="1" offset="1" sl="13" sc="13" el="13" ec="14" bec="0" bev="0" fileid="9" />
                <SequencePoint vc="0" uspid="207" ordinal="2" offset="2" sl="14" sc="17" el="14" ec="66" bec="0" bev="0" fileid="9" />
                <SequencePoint vc="0" uspid="208" ordinal="3" offset="15" sl="16" sc="13" el="16" ec="32" bec="0" bev="0" fileid="9" />
                <SequencePoint vc="0" uspid="209" ordinal="4" offset="16" sl="17" sc="13" el="17" ec="14" bec="0" bev="0" fileid="9" />
                <SequencePoint vc="0" uspid="210" ordinal="5" offset="17" sl="18" sc="17" el="18" ec="70" bec="0" bev="0" fileid="9" />
                <SequencePoint vc="0" uspid="211" ordinal="6" offset="35" sl="20" sc="9" el="20" ec="10" bec="0" bev="0" fileid="9" />
              </SequencePoints>
              <BranchPoints />
              <MethodPoint xsi:type="SequencePoint" vc="0" uspid="205" ordinal="0" offset="0" sl="11" sc="9" el="11" ec="10" bec="0" bev="0" fileid="9" />
            </Method>
[...]
              </SequencePoints>
              <BranchPoints>
                <BranchPoint vc="0" uspid="261" ordinal="0" offset="157" sl="31" path="0" offsetend="159" fileid="11" />
                <BranchPoint vc="0" uspid="262" ordinal="1" offset="157" sl="31" path="1" offsetend="182" fileid="11" />
              </BranchPoints>
              <MethodPoint xsi:type="SequencePoint" vc="0" uspid="248" ordinal="0" offset="0" sl="22" sc="9" el="22" ec="29" bec="0" bev="0" fileid="11" />
            </Method>
            <Method visited="false" cyclomaticComplexity="5" nPathComplexity="16" sequenceCoverage="0" branchCoverage="0" crapScore="30" isConstructor="false" isStatic="false" isGetter="false" isSetter="false">
              <Summary numSequencePoints="17" visitedSequencePoints="0" numBranchPoints="9" visitedBranchPoints="0" sequenceCoverage="0" branchCoverage="0" maxCyclomaticComplexity="5" minCyclomaticComplexity="5" maxCrapScore="30" minCrapScore="30" visitedClasses="0" numClasses="0" visitedMethods="0" numMethods="1" />
              <MetadataToken>100663339</MetadataToken>
              <Name>System.String Crawler.Logics.Authentication.MailService::FindRecentAuthLink()</Name>
              <FileRef uid="11" />
              <SequencePoints>
                <SequencePoint vc="0" uspid="263" ordinal="0" offset="6" sl="37" sc="44" el="37" ec="45" bec="0" bev="0" fileid="11" />
                <SequencePoint vc="0" uspid="264" ordinal="1" offset="7" sl="38" sc="13" el="38" ec="42" bec="0" bev="0" fileid="11" />
                <SequencePoint vc="0" uspid="265" ordinal="2" offset="24" sl="39" sc="13" el="39" ec="47" bec="0" bev="0" fileid="11" />
                <SequencePoint vc="0" uspid="266" ordinal="3" offset="47" sl="41" sc="13" el="41" ec="134" bec="0" bev="0" fileid="11" />
                <SequencePoint vc="0" uspid="267" ordinal="4" offset="94" sl="42" sc="13" el="42" ec="36" bec="2" bev="0" fileid="11" />
                <SequencePoint vc="0" uspid="268" ordinal="5" offset="109" sl="43" sc="13" el="43" ec="14" bec="0" bev="0" fileid="11" />
                <SequencePoint vc="0" uspid="269" ordinal="6" offset="110" sl="44" sc="17" el="44" ec="147" bec="0" bev="0" fileid="11" />
                <SequencePoint vc="0" uspid="270" ordinal="7" offset="175" sl="45" sc="13" el="45" ec="14" bec="0" bev="0" fileid="11" />
                <SequencePoint vc="0" uspid="271" ordinal="8" offset="176" sl="47" sc="13" el="49" ec="74" bec="2" bev="0" fileid="11" />
                <SequencePoint vc="0" uspid="272" ordinal="9" offset="236" sl="51" sc="13" el="51" ec="51" bec="2" bev="0" fileid="11" />
                <SequencePoint vc="0" uspid="273" ordinal="10" offset="246" sl="51" sc="52" el="51" ec="140" bec="0" bev="0" fileid="11" />
                <SequencePoint vc="0" uspid="274" ordinal="11" offset="257" sl="53" sc="13" el="53" ec="81" bec="0" bev="0" fileid="11" />
                <SequencePoint vc="0" uspid="275" ordinal="12" offset="274" sl="55" sc="13" el="55" ec="32" bec="2" bev="0" fileid="11" />
                <SequencePoint vc="0" uspid="276" ordinal="13" offset="289" sl="56" sc="13" el="56" ec="14" bec="0" bev="0" fileid="11" />
                <SequencePoint vc="0" uspid="277" ordinal="14" offset="290" sl="57" sc="17" el="57" ec="111" bec="0" bev="0" fileid="11" />
                <SequencePoint vc="0" uspid="278" ordinal="15" offset="301" sl="60" sc="13" el="60" ec="32" bec="0" bev="0" fileid="11" />
                <SequencePoint vc="0" uspid="279" ordinal="16" offset="311" sl="61" sc="9" el="61" ec="10" bec="0" bev="0" fileid="11" />
              </SequencePoints>
              <BranchPoints>
                <BranchPoint vc="0" uspid="280" ordinal="0" offset="107" sl="42" path="0" offsetend="109" fileid="11" />
                <BranchPoint vc="0" uspid="281" ordinal="1" offset="107" sl="42" path="1" offsetend="176" fileid="11" />
                <BranchPoint vc="0" uspid="282" ordinal="2" offset="200" sl="47" path="0" offsetend="202" fileid="11" />
                <BranchPoint vc="0" uspid="283" ordinal="3" offset="200" sl="47" path="1" offsetend="225" fileid="11" />
                <BranchPoint vc="0" uspid="284" ordinal="4" offset="244" sl="51" path="0" offsetend="246" fileid="11" />
                <BranchPoint vc="0" uspid="285" ordinal="5" offset="244" sl="51" path="1" offsetend="257" fileid="11" />
                <BranchPoint vc="0" uspid="286" ordinal="6" offset="287" sl="55" path="0" offsetend="289" fileid="11" />
                <BranchPoint vc="0" uspid="287" ordinal="7" offset="287" sl="55" path="1" offsetend="301" fileid="11" />
              </BranchPoints>
              <MethodPoint vc="0" uspid="288" ordinal="0" offset="0" />
            </Method>
            <Method visited="false" cyclomaticComplexity="1" nPathComplexity="0" sequenceCoverage="0" branchCoverage="0" crapScore="2" isConstructor="false" isStatic="false" isGetter="false" isSetter="false">
              <Summary numSequencePoints="9" visitedSequencePoints="0" numBranchPoints="1" visitedBranchPoints="0" sequenceCoverage="0" branchCoverage="0" maxCyclomaticComplexity="1" minCyclomaticComplexity="1" maxCrapScore="2" minCrapScore="2" visitedClasses="0" numClasses="0" visitedMethods="0" numMethods="1" />
              <MetadataToken>100663340</MetadataToken>
              <Name>System.Void Crawler.Logics.Authentication.MailService::Dispose()</Name>
              <FileRef uid="11" />
              <SequencePoints>
                <SequencePoint vc="0" uspid="289" ordinal="0" offset="0" sl="64" sc="9" el="64" ec="10" bec="0" bev="0" fileid="11" />
                <SequencePoint vc="0" uspid="290" ordinal="1" offset="1" sl="65" sc="17" el="65" ec="18" bec="0" bev="0" fileid="11" />
                <SequencePoint vc="0" uspid="291" ordinal="2" offset="2" sl="66" sc="17" el="66" ec="45" bec="0" bev="0" fileid="11" />
                <SequencePoint vc="0" uspid="292" ordinal="3" offset="24" sl="67" sc="13" el="67" ec="14" bec="0" bev="0" fileid="11" />
                <SequencePoint vc="0" uspid="293" ordinal="4" offset="27" sl="68" sc="13" el="68" ec="30" bec="0" bev="0" fileid="11" />
                <SequencePoint vc="0" uspid="294" ordinal="5" offset="28" sl="68" sc="31" el="68" ec="32" bec="0" bev="0" fileid="11" />
                <SequencePoint vc="0" uspid="295" ordinal="6" offset="29" sl="70" sc="13" el="70" ec="14" bec="0" bev="0" fileid="11" />
                <SequencePoint vc="0" uspid="296" ordinal="7" offset="32" sl="72" sc="13" el="72" ec="34" bec="0" bev="0" fileid="11" />
                <SequencePoint vc="0" uspid="297" ordinal="8" offset="44" sl="73" sc="9" el="73" ec="10" bec="0" bev="0" fileid="11" />
              </SequencePoints>
              <BranchPoints />
              <MethodPoint xsi:type="SequencePoint" vc="0" uspid="289" ordinal="0" offset="0" sl="64" sc="9" el="64" ec="10" bec="0" bev="0" fileid="11" />
            </Method>
            <Method visited="false" cyclomaticComplexity="1" nPathComplexity="0" sequenceCoverage="0" branchCoverage="0" crapScore="2" isConstructor="true" isStatic="true" isGetter="false" isSetter="false">
              <Summary numSequencePoints="1" visitedSequencePoints="0" numBranchPoints="1" visitedBranchPoints="0" sequenceCoverage="0" branchCoverage="0" maxCyclomaticComplexity="1" minCyclomaticComplexity="1" maxCrapScore="2" minCrapScore="2" visitedClasses="0" numClasses="0" visitedMethods="0" numMethods="1" />
              <MetadataToken>100663341</MetadataToken>
              <Name>System.Void Crawler.Logics.Authentication.MailService::.cctor()</Name>
              <FileRef uid="11" />
              <SequencePoints>
                <SequencePoint vc="0" uspid="298" ordinal="0" offset="0" sl="14" sc="9" el="14" ec="99" bec="0" bev="0" fileid="11" />
              </SequencePoints>
              <BranchPoints />
              <MethodPoint xsi:type="SequencePoint" vc="0" uspid="298" ordinal="0" offset="0" sl="14" sc="9" el="14" ec="99" bec="0" bev="0" fileid="11" />
            </Method>
          </Methods>
        </Class>
        <Class>
          <Summary numSequencePoints="2" visitedSequencePoints="0" numBranchPoints="2" visitedBranchPoints="0" sequenceCoverage="0" branchCoverage="0" maxCyclomaticComplexity="1" minCyclomaticComplexity="1" maxCrapScore="2" minCrapScore="2" visitedClasses="0" numClasses="1" visitedMethods="0" numMethods="2" />
          <FullName>Crawler.Logics.Authentication.MailService/&lt;&gt;c</FullName>
          <Methods>
            <Method visited="false" cyclomaticComplexity="1" nPathComplexity="0" sequenceCoverage="0" branchCoverage="0" crapScore="2" isConstructor="true" isStatic="true" isGetter="false" isSetter="false">
              <Summary numSequencePoints="0" visitedSequencePoints="0" numBranchPoints="0" visitedBranchPoints="0" sequenceCoverage="0" branchCoverage="0" maxCyclomaticComplexity="1" minCyclomaticComplexity="1" maxCrapScore="2" minCrapScore="2" visitedClasses="0" numClasses="0" visitedMethods="0" numMethods="0" />
              <MetadataToken>100663350</MetadataToken>
              <Name>System.Void Crawler.Logics.Authentication.MailService/&lt;&gt;c::.cctor()</Name>
              <SequencePoints />
              <BranchPoints />
              <MethodPoint vc="0" uspid="299" ordinal="0" offset="0" />
            </Method>
            <Method visited="false" cyclomaticComplexity="1" nPathComplexity="0" sequenceCoverage="0" branchCoverage="0" crapScore="2" isConstructor="true" isStatic="false" isGetter="false" isSetter="false">
              <Summary numSequencePoints="0" visitedSequencePoints="0" numBranchPoints="0" visitedBranchPoints="0" sequenceCoverage="0" branchCoverage="0" maxCyclomaticComplexity="1" minCyclomaticComplexity="1" maxCrapScore="2" minCrapScore="2" visitedClasses="0" numClasses="0" visitedMethods="0" numMethods="0" />
              <MetadataToken>100663351</MetadataToken>
              <Name>System.Void Crawler.Logics.Authentication.MailService/&lt;&gt;c::.ctor()</Name>
              <SequencePoints />
              <BranchPoints />
              <MethodPoint vc="0" uspid="300" ordinal="0" offset="0" />
            </Method>
            <Method visited="false" cyclomaticComplexity="1" nPathComplexity="0" sequenceCoverage="0" branchCoverage="0" crapScore="2" isConstructor="false" isStatic="false" isGetter="false" isSetter="false">
              <Summary numSequencePoints="1" visitedSequencePoints="0" numBranchPoints="1" visitedBranchPoints="0" sequenceCoverage="0" branchCoverage="0" maxCyclomaticComplexity="1" minCyclomaticComplexity="1" maxCrapScore="2" minCrapScore="2" visitedClasses="0" numClasses="0" visitedMethods="0" numMethods="1" />
              <MetadataToken>100663352</MetadataToken>
              <Name>System.Boolean Crawler.Logics.Authentication.MailService/&lt;&gt;c::&lt;.ctor&gt;b__7_0(System.Object,System.Security.Cryptography.X509Certificates.X509Certificate,System.Security.Cryptography.X509Certificates.X509Chain,System.Net.Security.SslPolicyErrors)</Name>
              <FileRef uid="11" />
              <SequencePoints>
                <SequencePoint vc="0" uspid="301" ordinal="0" offset="0" sl="31" sc="78" el="31" ec="82" bec="0" bev="0" fileid="11" />
              </SequencePoints>
              <BranchPoints />
              <MethodPoint xsi:type="SequencePoint" vc="0" uspid="301" ordinal="0" offset="0" sl="31" sc="78" el="31" ec="82" bec="0" bev="0" fileid="11" />
            </Method>
            <Method visited="false" cyclomaticComplexity="1" nPathComplexity="0" sequenceCoverage="0" branchCoverage="0" crapScore="2" isConstructor="false" isStatic="false" isGetter="false" isSetter="false">
              <Summary numSequencePoints="1" visitedSequencePoints="0" numBranchPoints="1" visitedBranchPoints="0" sequenceCoverage="0" branchCoverage="0" maxCyclomaticComplexity="1" minCyclomaticComplexity="1" maxCrapScore="2" minCrapScore="2" visitedClasses="0" numClasses="0" visitedMethods="0" numMethods="1" />
              <MetadataToken>100663353</MetadataToken>
              <Name>System.DateTimeOffset Crawler.Logics.Authentication.MailService/&lt;&gt;c::&lt;FindRecentAuthLink&gt;b__8_1(MimeKit.MimeMessage)</Name>
              <FileRef uid="11" />
              <SequencePoints>
                <SequencePoint vc="0" uspid="302" ordinal="0" offset="0" sl="48" sc="80" el="48" ec="86" bec="0" bev="0" fileid="11" />
              </SequencePoints>
              <BranchPoints />
              <MethodPoint xsi:type="SequencePoint" vc="0" uspid="302" ordinal="0" offset="0" sl="48" sc="80" el="48" ec="86" bec="0" bev="0" fileid="11" />
            </Method>
          </Methods>
        </Class>
        <Class>
          <Summary numSequencePoints="1" visitedSequencePoints="0" numBranchPoints="1" visitedBranchPoints="0" sequenceCoverage="0" branchCoverage="0" maxCyclomaticComplexity="1" minCyclomaticComplexity="1" maxCrapScore="2" minCrapScore="2" visitedClasses="0" numClasses="1" visitedMethods="0" numMethods="1" />
          <FullName>Crawler.Logics.Authentication.MailService/&lt;&gt;c__DisplayClass8_0</FullName>
          <Methods>
            <Method visited="false" cyclomaticComplexity="1" nPathComplexity="0" sequenceCoverage="0" branchCoverage="0" crapScore="2" isConstructor="true" isStatic="false" isGetter="false" isSetter="false">
              <Summary numSequencePoints="0" visitedSequencePoints="0" numBranchPoints="0" visitedBranchPoints="0" sequenceCoverage="0" branchCoverage="0" maxCyclomaticComplexity="1" minCyclomaticComplexity="1" maxCrapScore="2" minCrapScore="2" visitedClasses="0" numClasses="0" visitedMethods="0" numMethods="0" />
              <MetadataToken>100663354</MetadataToken>
              <Name>System.Void Crawler.Logics.Authentication.MailService/&lt;&gt;c__DisplayClass8_0::.ctor()</Name>
              <SequencePoints />
              <BranchPoints />
              <MethodPoint vc="0" uspid="303" ordinal="0" offset="0" />
            </Method>
            <Method visited="false" cyclomaticComplexity="1" nPathComplexity="0" sequenceCoverage="0" branchCoverage="0" crapScore="2" isConstructor="false" isStatic="false" isGetter="false" isSetter="false">
              <Summary numSequencePoints="1" visitedSequencePoints="0" numBranchPoints="1" visitedBranchPoints="0" sequenceCoverage="0" branchCoverage="0" maxCyclomaticComplexity="1" minCyclomaticComplexity="1" maxCrapScore="2" minCrapScore="2" visitedClasses="0" numClasses="0" visitedMethods="0" numMethods="1" />
              <MetadataToken>100663355</MetadataToken>
              <Name>MimeKit.MimeMessage Crawler.Logics.Authentication.MailService/&lt;&gt;c__DisplayClass8_0::&lt;FindRecentAuthLink&gt;b__0(MailKit.UniqueId)</Name>
              <FileRef uid="11" />
              <SequencePoints>
                <SequencePoint vc="0" uspid="304" ordinal="0" offset="0" sl="47" sc="72" el="47" ec="94" bec="0" bev="0" fileid="11" />
              </SequencePoints>
              <BranchPoints />
              <MethodPoint xsi:type="SequencePoint" vc="0" uspid="304" ordinal="0" offset="0" sl="47" sc="72" el="47" ec="94" bec="0" bev="0" fileid="11" />
            </Method>
          </Methods>
        </Class>
        <Class>
          <Summary numSequencePoints="3" visitedSequencePoints="0" numBranchPoints="1" visitedBranchPoints="0" sequenceCoverage="0" branchCoverage="0" maxCyclomaticComplexity="1" minCyclomaticComplexity="1" maxCrapScore="2" minCrapScore="2" visitedClasses="0" numClasses="1" visitedMethods="0" numMethods="1" />
          <FullName>Crawler.Logics.Authentication.MailServiceFactory</FullName>
          <Methods>
            <Method visited="false" cyclomaticComplexity="1" nPathComplexity="0" sequenceCoverage="0" branchCoverage="0" crapScore="2" isConstructor="false" isStatic="false" isGetter="false" isSetter="false">
              <Summary numSequencePoints="3" visitedSequencePoints="0" numBranchPoints="1" visitedBranchPoints="0" sequenceCoverage="0" branchCoverage="0" maxCyclomaticComplexity="1" minCyclomaticComplexity="1" maxCrapScore="2" minCrapScore="2" visitedClasses="0" numClasses="0" visitedMethods="0" numMethods="1" />
              <MetadataToken>100663342</MetadataToken>
              <Name>Crawler.Logics.Authentication.IMailService Crawler.Logics.Authentication.MailServiceFactory::CreateMailService()</Name>
              <FileRef uid="14" />
              <SequencePoints>
                <SequencePoint vc="0" uspid="305" ordinal="0" offset="0" sl="6" sc="9" el="6" ec="10" bec="0" bev="0" fileid="14" />
                <SequencePoint vc="0" uspid="306" ordinal="1" offset="1" sl="7" sc="13" el="7" ec="38" bec="0" bev="0" fileid="14" />
                <SequencePoint vc="0" uspid="307" ordinal="2" offset="9" sl="8" sc="9" el="8" ec="10" bec="0" bev="0" fileid="14" />
              </SequencePoints>
              <BranchPoints />
              <MethodPoint xsi:type="SequencePoint" vc="0" uspid="305" ordinal="0" offset="0" sl="6" sc="9" el="6" ec="10" bec="0" bev="0" fileid="14" />
            </Method>
            <Method visited="false" cyclomaticComplexity="1" nPathComplexity="0" sequenceCoverage="0" branchCoverage="0" crapScore="2" isConstructor="true" isStatic="false" isGetter="false" isSetter="false">
              <Summary numSequencePoints="0" visitedSequencePoints="0" numBranchPoints="0" visitedBranchPoints="0" sequenceCoverage="0" branchCoverage="0" maxCyclomaticComplexity="1" minCyclomaticComplexity="1" maxCrapScore="2" minCrapScore="2" visitedClasses="0" numClasses="0" visitedMethods="0" numMethods="0" />
              <MetadataToken>100663343</MetadataToken>
              <Name>System.Void Crawler.Logics.Authentication.MailServiceFactory::.ctor()</Name>
              <SequencePoints />
              <BranchPoints />
              <MethodPoint vc="0" uspid="308" ordinal="0" offset="0" />
            </Method>
          </Methods>
        </Class>
      </Classes>
    </Module>
    <Module skippedDueTo="Filter" hash="C9-90-56-C8-34-0E-96-2A-07-09-EA-81-19-89-AB-9B-B6-6C-C4-D4">
      <ModulePath>C:\Windows\Microsoft.Net\assembly\GAC_MSIL\System.Xml\v4.0_4.0.0.0__b77a5c561934e089\System.Xml.dll</ModulePath>
      <ModuleTime>2019-08-10T21:47:23.5188796Z</ModuleTime>
      <ModuleName>System.Xml</ModuleName>
      <Classes />
    </Module>
    <Module skippedDueTo="Filter" hash="7E-26-06-1C-18-6F-39-1D-B7-4A-76-B1-03-FE-F5-66-25-02-53-84">
      <ModulePath>C:\Projects\CrawlerExample\Bin\Rhino.Mocks.dll</ModulePath>
      <ModuleTime>2012-03-18T14:36:48Z</ModuleTime>
      <ModuleName>Rhino.Mocks</ModuleName>
      <Classes />
    </Module>
    <Module skippedDueTo="Filter" hash="">
      <ModulePath>RefEmit_InMemoryManifestModule</ModulePath>
      <ModuleTime>0001-01-01T00:00:00</ModuleTime>
      <ModuleName>DynamicProxyGenAssembly2</ModuleName>
      <Classes />
    </Module>
    <Module skippedDueTo="Filter" hash="">
      <ModulePath>RefEmit_InMemoryManifestModule</ModulePath>
      <ModuleTime>0001-01-01T00:00:00</ModuleTime>
      <ModuleName>DynamicProxyGenAssembly2</ModuleName>
      <Classes />
    </Module>
    <Module skippedDueTo="Filter" hash="5C-BA-15-81-FF-83-84-F0-50-8F-23-E9-0C-3A-BF-AF-46-07-BE-CF">
      <ModulePath>C:\Windows\Microsoft.Net\assembly\GAC_MSIL\System.Core\v4.0_4.0.0.0__b77a5c561934e089\System.Core.dll</ModulePath>
      <ModuleTime>2019-08-10T21:47:23.7376061Z</ModuleTime>
      <ModuleName>System.Core</ModuleName>
      <Classes />
    </Module>
    <Module skippedDueTo="Filter" hash="2B-B5-F1-87-D4-07-2F-90-04-03-1A-89-CA-4F-E5-A7-E1-0D-35-1C">
      <ModulePath>C:\Windows\Microsoft.Net\assembly\GAC_MSIL\mscorlib.resources\v4.0_4.0.0.0_ru_b77a5c561934e089\mscorlib.resources.dll</ModulePath>
      <ModuleTime>2019-08-10T21:48:43.940591Z</ModuleTime>
      <ModuleName>mscorlib.resources</ModuleName>
      <Classes />
    </Module>
  </Modules>
</CoverageSession>